In file included from [01m[K/home/youwuyou/Workspaces/smb_ws/src/ekf_localization/src/ekf_localization_node.cpp:2[m[K:
[01m[K/home/youwuyou/Workspaces/smb_ws/src/ekf_localization/include/ekf_localization/EKF_Localization.hpp:18:7:[m[K [01;31m[Kerror: [m[Kredefinition of ‘[01m[Kclass smb_highlevel_controller::SmbHighlevelController[m[K’
   18 | class [01;31m[KSmbHighlevelController[m[K {
      |       [01;31m[K^~~~~~~~~~~~~~~~~~~~~~[m[K
In file included from [01m[K/home/youwuyou/Workspaces/smb_ws/src/ekf_localization/include/ekf_localization/EKF_Localization.hpp:2[m[K,
                 from [01m[K/home/youwuyou/Workspaces/smb_ws/src/ekf_localization/src/ekf_localization_node.cpp:2[m[K:
[01m[K/home/youwuyou/Workspaces/smb_ws/src/ekf_localization/include/smb_highlevel_controller/SmbHighlevelController.hpp:17:7:[m[K [01;36m[Knote: [m[Kprevious definition of ‘[01m[Kclass smb_highlevel_controller::SmbHighlevelController[m[K’
   17 | class [01;36m[KSmbHighlevelController[m[K {
      |       [01;36m[K^~~~~~~~~~~~~~~~~~~~~~[m[K
In file included from [01m[K/home/youwuyou/Workspaces/smb_ws/src/ekf_localization/src/EKF_Localization_node.cpp:1[m[K:
[01m[K/home/youwuyou/Workspaces/smb_ws/src/ekf_localization/include/ekf_localization/EKF_Localization.hpp:18:7:[m[K [01;31m[Kerror: [m[Kredefinition of ‘[01m[Kclass smb_highlevel_controller::SmbHighlevelController[m[K’
   18 | class [01;31m[KSmbHighlevelController[m[K {
      |       [01;31m[K^~~~~~~~~~~~~~~~~~~~~~[m[K
In file included from [01m[K/home/youwuyou/Workspaces/smb_ws/src/ekf_localization/include/ekf_localization/EKF_Localization.hpp:2[m[K,
                 from [01m[K/home/youwuyou/Workspaces/smb_ws/src/ekf_localization/src/EKF_Localization_node.cpp:1[m[K:
[01m[K/home/youwuyou/Workspaces/smb_ws/src/ekf_localization/include/smb_highlevel_controller/SmbHighlevelController.hpp:17:7:[m[K [01;36m[Knote: [m[Kprevious definition of ‘[01m[Kclass smb_highlevel_controller::SmbHighlevelController[m[K’
   17 | class [01;36m[KSmbHighlevelController[m[K {
      |       [01;36m[K^~~~~~~~~~~~~~~~~~~~~~[m[K
[01m[K/home/youwuyou/Workspaces/smb_ws/src/ekf_localization/src/EKF_Localization_node.cpp:[m[K In constructor ‘[01m[Ksmb_highlevel_controller::SmbHighlevelController::SmbHighlevelController(ros::NodeHandle&)[m[K’:
[01m[K/home/youwuyou/Workspaces/smb_ws/src/ekf_localization/src/EKF_Localization_node.cpp:44:93:[m[K [01;31m[Kerror: [m[K‘[01m[Kcallback[m[K’ is not a member of ‘[01m[Ksmb_highlevel_controller::SmbHighlevelController[m[K’
   44 |         this->nodeHandle_.subscribe(this->topic, this->queue_size, &SmbHighlevelController::[01;31m[Kcallback[m[K, this);
      |                                                                                             [01;31m[K^~~~~~~~[m[K
[01m[K/home/youwuyou/Workspaces/smb_ws/src/ekf_localization/src/EKF_Localization_node.cpp:[m[K At global scope:
[01m[K/home/youwuyou/Workspaces/smb_ws/src/ekf_localization/src/EKF_Localization_node.cpp:55:6:[m[K [01;31m[Kerror: [m[Kno declaration matches ‘[01m[Kvoid smb_highlevel_controller::SmbHighlevelController::callback(const ConstPtr&)[m[K’
   55 | void [01;31m[KSmbHighlevelController[m[K::callback(const sensor_msgs::LaserScan::ConstPtr& msg){
      |      [01;31m[K^~~~~~~~~~~~~~~~~~~~~~[m[K
[01m[K/home/youwuyou/Workspaces/smb_ws/src/ekf_localization/src/EKF_Localization_node.cpp:55:6:[m[K [01;36m[Knote: [m[Kno functions named ‘[01m[Kvoid smb_highlevel_controller::SmbHighlevelController::callback(const ConstPtr&)[m[K’
In file included from [01m[K/home/youwuyou/Workspaces/smb_ws/src/ekf_localization/include/ekf_localization/EKF_Localization.hpp:2[m[K,
                 from [01m[K/home/youwuyou/Workspaces/smb_ws/src/ekf_localization/src/EKF_Localization_node.cpp:1[m[K:
[01m[K/home/youwuyou/Workspaces/smb_ws/src/ekf_localization/include/smb_highlevel_controller/SmbHighlevelController.hpp:17:7:[m[K [01;36m[Knote: [m[K‘[01m[Kclass smb_highlevel_controller::SmbHighlevelController[m[K’ defined here
   17 | class [01;36m[KSmbHighlevelController[m[K {
      |       [01;36m[K^~~~~~~~~~~~~~~~~~~~~~[m[K
make[2]: *** [CMakeFiles/ekf_localization_node.dir/build.make:63: CMakeFiles/ekf_localization_node.dir/src/ekf_localization_node.cpp.o] Error 1
make[2]: *** Waiting for unfinished jobs....
make[2]: *** [CMakeFiles/ekf_localization_node.dir/build.make:76: CMakeFiles/ekf_localization_node.dir/src/EKF_Localization_node.cpp.o] Error 1
make[1]: *** [CMakeFiles/Makefile2:364: CMakeFiles/ekf_localization_node.dir/all] Error 2
make: *** [Makefile:141: all] Error 2
