[01m[K/home/youwuyou/Workspaces/smb_ws/src/ekf_localization/src/EKF_Localization_node.cpp:6:1:[m[K [01;31m[Kerror: [m[K‘[01m[KSmbHighlevelController[m[K’ does not name a type; did you mean ‘[01m[Ksmb_highlevel_controller[m[K’?
    6 | [01;31m[KSmbHighlevelController[m[K::SmbHighlevelController(ros::NodeHandle& nodeHandle) :
      | [01;31m[K^~~~~~~~~~~~~~~~~~~~~~[m[K
      | [32m[Ksmb_highlevel_controller[m[K
[01m[K/home/youwuyou/Workspaces/smb_ws/src/ekf_localization/src/EKF_Localization_node.cpp:43:1:[m[K [01;31m[Kerror: [m[K‘[01m[KSmbHighlevelController[m[K’ does not name a type; did you mean ‘[01m[Ksmb_highlevel_controller[m[K’?
   43 | [01;31m[KSmbHighlevelController[m[K::~SmbHighlevelController(){
      | [01;31m[K^~~~~~~~~~~~~~~~~~~~~~[m[K
      | [32m[Ksmb_highlevel_controller[m[K
[01m[K/home/youwuyou/Workspaces/smb_ws/src/ekf_localization/src/EKF_Localization_node.cpp:47:6:[m[K [01;31m[Kerror: [m[K‘[01m[KSmbHighlevelController[m[K’ has not been declared
   47 | void [01;31m[KSmbHighlevelController[m[K::pointcloudCallback(const sensor_msgs::PointCloud2& msg){
      |      [01;31m[K^~~~~~~~~~~~~~~~~~~~~~[m[K
[01m[K/home/youwuyou/Workspaces/smb_ws/src/ekf_localization/src/EKF_Localization_node.cpp:53:6:[m[K [01;31m[Kerror: [m[K‘[01m[KSmbHighlevelController[m[K’ has not been declared
   53 | void [01;31m[KSmbHighlevelController[m[K::scanCallback(const sensor_msgs::LaserScan::ConstPtr& msg){
      |      [01;31m[K^~~~~~~~~~~~~~~~~~~~~~[m[K
[01m[K/home/youwuyou/Workspaces/smb_ws/src/ekf_localization/src/EKF_Localization_node.cpp:[m[K In function ‘[01m[Kvoid smb_highlevel_controller::scanCallback(const ConstPtr&)[m[K’:
[01m[K/home/youwuyou/Workspaces/smb_ws/src/ekf_localization/src/EKF_Localization_node.cpp:55:5:[m[K [01;31m[Kerror: [m[K‘[01m[Kmin[m[K’ was not declared in this scope; did you mean ‘[01m[Kstd::min[m[K’?
   55 |     [01;31m[Kmin[m[K = msg->range_max;
      |     [01;31m[K^~~[m[K
      |     [32m[Kstd::min[m[K
In file included from [01m[K/usr/include/c++/9/algorithm:62[m[K,
                 from [01m[K/usr/include/boost/math/tools/config.hpp:18[m[K,
                 from [01m[K/usr/include/boost/math/special_functions/round.hpp:13[m[K,
                 from [01m[K/opt/ros/noetic/include/ros/time.h:58[m[K,
                 from [01m[K/opt/ros/noetic/include/ros/ros.h:38[m[K,
                 from [01m[K/home/youwuyou/Workspaces/smb_ws/src/ekf_localization/include/ekf_localization/EKF_Localization.hpp:3[m[K,
                 from [01m[K/home/youwuyou/Workspaces/smb_ws/src/ekf_localization/src/EKF_Localization_node.cpp:1[m[K:
[01m[K/usr/include/c++/9/bits/stl_algo.h:3450:5:[m[K [01;36m[Knote: [m[K‘[01m[Kstd::min[m[K’ declared here
 3450 |     [01;36m[Kmin[m[K(initializer_list<_Tp> __l, _Compare __comp)
      |     [01;36m[K^~~[m[K
[01m[K/home/youwuyou/Workspaces/smb_ws/src/ekf_localization/src/EKF_Localization_node.cpp:67:5:[m[K [01;31m[Kerror: [m[K‘[01m[Kangle[m[K’ was not declared in this scope
   67 |     [01;31m[Kangle[m[K =(msg->angle_increment) * index + msg->angle_min;
      |     [01;31m[K^~~~~[m[K
[01m[K/home/youwuyou/Workspaces/smb_ws/src/ekf_localization/src/EKF_Localization_node.cpp:72:5:[m[K [01;31m[Kerror: [m[K‘[01m[Kcmd_vel_msg[m[K’ was not declared in this scope
   72 |     [01;31m[Kcmd_vel_msg[m[K.linear.x =  pid_p * min / 10 ; // some value for the speed
      |     [01;31m[K^~~~~~~~~~~[m[K
[01m[K/home/youwuyou/Workspaces/smb_ws/src/ekf_localization/src/EKF_Localization_node.cpp:72:29:[m[K [01;31m[Kerror: [m[K‘[01m[Kpid_p[m[K’ was not declared in this scope; did you mean ‘[01m[Kpid_t[m[K’?
   72 |     cmd_vel_msg.linear.x =  [01;31m[Kpid_p[m[K * min / 10 ; // some value for the speed
      |                             [01;31m[K^~~~~[m[K
      |                             [32m[Kpid_t[m[K
[01m[K/home/youwuyou/Workspaces/smb_ws/src/ekf_localization/src/EKF_Localization_node.cpp:76:5:[m[K [01;31m[Kerror: [m[K‘[01m[Kcmd_vel_publisher[m[K’ was not declared in this scope
   76 |     [01;31m[Kcmd_vel_publisher[m[K.publish(cmd_vel_msg);
      |     [01;31m[K^~~~~~~~~~~~~~~~~[m[K
[01m[K/home/youwuyou/Workspaces/smb_ws/src/ekf_localization/src/EKF_Localization_node.cpp:78:5:[m[K [01;31m[Kerror: [m[K‘[01m[KpublishMarker[m[K’ was not declared in this scope
   78 |     [01;31m[KpublishMarker[m[K(min * cos(angle), min * sin(angle), 0);
      |     [01;31m[K^~~~~~~~~~~~~[m[K
[01m[K/home/youwuyou/Workspaces/smb_ws/src/ekf_localization/src/EKF_Localization_node.cpp:[m[K At global scope:
[01m[K/home/youwuyou/Workspaces/smb_ws/src/ekf_localization/src/EKF_Localization_node.cpp:92:6:[m[K [01;31m[Kerror: [m[K‘[01m[KSmbHighlevelController[m[K’ has not been declared
   92 | void [01;31m[KSmbHighlevelController[m[K::publishMarker(int x, int y, int z){
      |      [01;31m[K^~~~~~~~~~~~~~~~~~~~~~[m[K
[01m[K/home/youwuyou/Workspaces/smb_ws/src/ekf_localization/src/EKF_Localization_node.cpp:[m[K In function ‘[01m[Kvoid smb_highlevel_controller::publishMarker(int, int, int)[m[K’:
[01m[K/home/youwuyou/Workspaces/smb_ws/src/ekf_localization/src/EKF_Localization_node.cpp:120:3:[m[K [01;31m[Kerror: [m[K‘[01m[Kmarker_publisher[m[K’ was not declared in this scope
  120 |   [01;31m[Kmarker_publisher[m[K.publish(marker);
      |   [01;31m[K^~~~~~~~~~~~~~~~[m[K
make[2]: *** [CMakeFiles/ekf_localization_node.dir/build.make:76: CMakeFiles/ekf_localization_node.dir/src/EKF_Localization_node.cpp.o] Error 1
make[2]: *** Waiting for unfinished jobs....
make[1]: *** [CMakeFiles/Makefile2:364: CMakeFiles/ekf_localization_node.dir/all] Error 2
make: *** [Makefile:141: all] Error 2
