[01m[K/home/youwuyou/Workspaces/smb_ws/src/smb_highlevel_controller/src/SmbHighlevelController.cpp:[m[K In constructor ‘[01m[Ksmb_highlevel_controller::SmbHighlevelController::SmbHighlevelController(ros::NodeHandle&)[m[K’:
[01m[K/home/youwuyou/Workspaces/smb_ws/src/smb_highlevel_controller/src/SmbHighlevelController.cpp:27:74:[m[K [01;31m[Kerror: [m[Kinvalid use of non-static member function ‘[01m[Kvoid smb_highlevel_controller::SmbHighlevelController::callback(const ConstPtr&)[m[K’
   27 |         nodeHandle_.subscribe(topic, queue_size, [01;31m[KSmbHighlevelController::callback[m[K);
      |                                                  [01;31m[K~~~~~~~~~~~~~~~~~~~~~~~~^~~~~~~~[m[K
In file included from [01m[K/home/youwuyou/Workspaces/smb_ws/src/smb_highlevel_controller/src/SmbHighlevelController.cpp:1[m[K:
[01m[K/home/youwuyou/Workspaces/smb_ws/src/smb_highlevel_controller/include/smb_highlevel_controller/SmbHighlevelController.hpp:31:7:[m[K [01;36m[Knote: [m[Kdeclared here
   31 |  void [01;36m[Kcallback[m[K(const sensor_msgs::LaserScan::ConstPtr&);
      |       [01;36m[K^~~~~~~~[m[K
[01m[K/home/youwuyou/Workspaces/smb_ws/src/smb_highlevel_controller/src/SmbHighlevelController.cpp:[m[K At global scope:
[01m[K/home/youwuyou/Workspaces/smb_ws/src/smb_highlevel_controller/src/SmbHighlevelController.cpp:36:6:[m[K [01;31m[Kerror: [m[Kno declaration matches ‘[01m[Kvoid smb_highlevel_controller::SmbHighlevelController::callback(const LaserScan&)[m[K’
   36 | void [01;31m[KSmbHighlevelController[m[K::callback(const sensor_msgs::LaserScan& msg){
      |      [01;31m[K^~~~~~~~~~~~~~~~~~~~~~[m[K
In file included from [01m[K/home/youwuyou/Workspaces/smb_ws/src/smb_highlevel_controller/src/SmbHighlevelController.cpp:1[m[K:
[01m[K/home/youwuyou/Workspaces/smb_ws/src/smb_highlevel_controller/include/smb_highlevel_controller/SmbHighlevelController.hpp:31:7:[m[K [01;36m[Knote: [m[Kcandidate is: ‘[01m[Kvoid smb_highlevel_controller::SmbHighlevelController::callback(const ConstPtr&)[m[K’
   31 |  void [01;36m[Kcallback[m[K(const sensor_msgs::LaserScan::ConstPtr&);
      |       [01;36m[K^~~~~~~~[m[K
[01m[K/home/youwuyou/Workspaces/smb_ws/src/smb_highlevel_controller/include/smb_highlevel_controller/SmbHighlevelController.hpp:13:7:[m[K [01;36m[Knote: [m[K‘[01m[Kclass smb_highlevel_controller::SmbHighlevelController[m[K’ defined here
   13 | class [01;36m[KSmbHighlevelController[m[K {
      |       [01;36m[K^~~~~~~~~~~~~~~~~~~~~~[m[K
make[2]: *** [CMakeFiles/smb_highlevel_controller.dir/build.make:76: CMakeFiles/smb_highlevel_controller.dir/src/SmbHighlevelController.cpp.o] Error 1
make[1]: *** [CMakeFiles/Makefile2:165: CMakeFiles/smb_highlevel_controller.dir/all] Error 2
make: *** [Makefile:141: all] Error 2
