In file included from [01m[K/home/youwuyou/Workspaces/smb_ws/src/smb_highlevel_controller/src/SmbHighlevelController.cpp:1[m[K:
[01m[K/home/youwuyou/Workspaces/smb_ws/src/smb_highlevel_controller/include/smb_highlevel_controller/SmbHighlevelController.hpp:52:45:[m[K [01;31m[Kerror: [m[K‘[01m[KPointCloud2[m[K’ in namespace ‘[01m[Ksensor_msgs[m[K’ does not name a type
   52 |  void pointcloudCallback(const sensor_msgs::[01;31m[KPointCloud2[m[K&);
      |                                             [01;31m[K^~~~~~~~~~~[m[K
[01m[K/home/youwuyou/Workspaces/smb_ws/src/smb_highlevel_controller/src/SmbHighlevelController.cpp:58:68:[m[K [01;31m[Kerror: [m[K‘[01m[KPointCloud2[m[K’ in namespace ‘[01m[Ksensor_msgs[m[K’ does not name a type
   58 | void SmbHighlevelController::pointcloudCallback(const sensor_msgs::[01;31m[KPointCloud2[m[K& msg){
      |                                                                    [01;31m[K^~~~~~~~~~~[m[K
In file included from [01m[K/opt/ros/noetic/include/ros/ros.h:40[m[K,
                 from [01m[K/home/youwuyou/Workspaces/smb_ws/src/smb_highlevel_controller/include/smb_highlevel_controller/SmbHighlevelController.hpp:3[m[K,
                 from [01m[K/home/youwuyou/Workspaces/smb_ws/src/smb_highlevel_controller/src/SmbHighlevelController.cpp:1[m[K:
[01m[K/home/youwuyou/Workspaces/smb_ws/src/smb_highlevel_controller/src/SmbHighlevelController.cpp:[m[K In member function ‘[01m[Kvoid smb_highlevel_controller::SmbHighlevelController::pointcloudCallback(const int&)[m[K’:
[01m[K/home/youwuyou/Workspaces/smb_ws/src/smb_highlevel_controller/src/SmbHighlevelController.cpp:59:52:[m[K [01;31m[Kerror: [m[Krequest for member ‘[01m[Kdata[m[K’ in ‘[01m[Kmsg[m[K’, which is of non-class type ‘[01m[Kconst int[m[K’
   59 |     ROS_INFO_STREAM("3D pointcloud size: [" << msg.[01;31m[Kdata[m[K.size() << "]");
      |                                                    [01;31m[K^~~~[m[K
[01m[K/opt/ros/noetic/include/ros/console.h:361:64:[m[K [01;36m[Knote: [m[Kin definition of macro ‘[01m[KROSCONSOLE_PRINT_STREAM_AT_LOCATION_WITH_FILTER[m[K’
  361 |     __rosconsole_print_stream_at_location_with_filter__ss__ << [01;36m[Kargs[m[K; \
      |                                                                [01;36m[K^~~~[m[K
[01m[K/opt/ros/noetic/include/ros/console.h:409:7:[m[K [01;36m[Knote: [m[Kin expansion of macro ‘[01m[KROSCONSOLE_PRINT_STREAM_AT_LOCATION[m[K’
  409 |       [01;36m[KROSCONSOLE_PRINT_STREAM_AT_LOCATION[m[K(args); \
      |       [01;36m[K^~~~~~~~~~~~~~~~~~~~~~~~~~~~~~~~~~~[m[K
[01m[K/opt/ros/noetic/include/ros/console.h:582:43:[m[K [01;36m[Knote: [m[Kin expansion of macro ‘[01m[KROS_LOG_STREAM_COND[m[K’
  582 | #define ROS_LOG_STREAM(level, name, args) [01;36m[KROS_LOG_STREAM_COND[m[K(true, level, name, args)
      |                                           [01;36m[K^~~~~~~~~~~~~~~~~~~[m[K
[01m[K/opt/ros/noetic/include/rosconsole/macros_generated.h:111:31:[m[K [01;36m[Knote: [m[Kin expansion of macro ‘[01m[KROS_LOG_STREAM[m[K’
  111 | #define ROS_INFO_STREAM(args) [01;36m[KROS_LOG_STREAM[m[K(::ros::console::levels::Info, ROSCONSOLE_DEFAULT_NAME, args)
      |                               [01;36m[K^~~~~~~~~~~~~~[m[K
[01m[K/home/youwuyou/Workspaces/smb_ws/src/smb_highlevel_controller/src/SmbHighlevelController.cpp:59:5:[m[K [01;36m[Knote: [m[Kin expansion of macro ‘[01m[KROS_INFO_STREAM[m[K’
   59 |     [01;36m[KROS_INFO_STREAM[m[K("3D pointcloud size: [" << msg.data.size() << "]");
      |     [01;36m[K^~~~~~~~~~~~~~~[m[K
In file included from [01m[K/home/youwuyou/Workspaces/smb_ws/src/smb_highlevel_controller/src/smb_highlevel_controller_node.cpp:2[m[K:
[01m[K/home/youwuyou/Workspaces/smb_ws/src/smb_highlevel_controller/include/smb_highlevel_controller/SmbHighlevelController.hpp:52:45:[m[K [01;31m[Kerror: [m[K‘[01m[KPointCloud2[m[K’ in namespace ‘[01m[Ksensor_msgs[m[K’ does not name a type
   52 |  void pointcloudCallback(const sensor_msgs::[01;31m[KPointCloud2[m[K&);
      |                                             [01;31m[K^~~~~~~~~~~[m[K
In file included from [01m[K/opt/ros/noetic/include/ros/serialization.h:37[m[K,
                 from [01m[K/opt/ros/noetic/include/ros/publisher.h:34[m[K,
                 from [01m[K/opt/ros/noetic/include/ros/node_handle.h:32[m[K,
                 from [01m[K/opt/ros/noetic/include/ros/ros.h:45[m[K,
                 from [01m[K/home/youwuyou/Workspaces/smb_ws/src/smb_highlevel_controller/include/smb_highlevel_controller/SmbHighlevelController.hpp:3[m[K,
                 from [01m[K/home/youwuyou/Workspaces/smb_ws/src/smb_highlevel_controller/src/SmbHighlevelController.cpp:1[m[K:
/opt/ros/noetic/include/ros/message_traits.h: In instantiation of ‘[01m[Kstatic const char* ros::message_traits::MD5Sum<M>::value() [with M = int][m[K’:
[01m[K/opt/ros/noetic/include/ros/message_traits.h:227:102:[m[K   required from ‘[01m[Kconst char* ros::message_traits::md5sum() [with M = int][m[K’
[01m[K/opt/ros/noetic/include/ros/subscribe_options.h:89:49:[m[K   required from ‘[01m[Kvoid ros::SubscribeOptions::initByFullCallbackType(const string&, uint32_t, const boost::function<void(P)>&, const boost::function<boost::shared_ptr<typename ros::ParameterAdapter<P>::Message>()>&) [with P = const int&; std::string = std::__cxx11::basic_string<char>; uint32_t = unsigned int; typename ros::ParameterAdapter<P>::Message = int][m[K’
[01m[K/opt/ros/noetic/include/ros/node_handle.h:406:5:[m[K   required from ‘[01m[Kros::Subscriber ros::NodeHandle::subscribe(const string&, uint32_t, void (T::*)(M), T*, const ros::TransportHints&) [with M = const int&; T = smb_highlevel_controller::SmbHighlevelController; std::string = std::__cxx11::basic_string<char>; uint32_t = unsigned int][m[K’
[01m[K/home/youwuyou/Workspaces/smb_ws/src/smb_highlevel_controller/src/SmbHighlevelController.cpp:48:103:[m[K   required from here
[01m[K/opt/ros/noetic/include/ros/message_traits.h:120:28:[m[K [01;31m[Kerror: [m[K‘[01m[K__s_getMD5Sum[m[K’ is not a member of ‘[01m[Kint[m[K’
  120 |     return [01;31m[KM::__s_getMD5Sum()[m[K.c_str();
      |            [01;31m[K~~~~~~~~~~~~~~~~^~[m[K
/opt/ros/noetic/include/ros/message_traits.h: In instantiation of ‘[01m[Kstatic const char* ros::message_traits::DataType<M>::value() [with M = int][m[K’:
[01m[K/opt/ros/noetic/include/ros/message_traits.h:236:104:[m[K   required from ‘[01m[Kconst char* ros::message_traits::datatype() [with M = int][m[K’
[01m[K/opt/ros/noetic/include/ros/subscribe_options.h:90:53:[m[K   required from ‘[01m[Kvoid ros::SubscribeOptions::initByFullCallbackType(const string&, uint32_t, const boost::function<void(P)>&, const boost::function<boost::shared_ptr<typename ros::ParameterAdapter<P>::Message>()>&) [with P = const int&; std::string = std::__cxx11::basic_string<char>; uint32_t = unsigned int; typename ros::ParameterAdapter<P>::Message = int][m[K’
[01m[K/opt/ros/noetic/include/ros/node_handle.h:406:5:[m[K   required from ‘[01m[Kros::Subscriber ros::NodeHandle::subscribe(const string&, uint32_t, void (T::*)(M), T*, const ros::TransportHints&) [with M = const int&; T = smb_highlevel_controller::SmbHighlevelController; std::string = std::__cxx11::basic_string<char>; uint32_t = unsigned int][m[K’
[01m[K/home/youwuyou/Workspaces/smb_ws/src/smb_highlevel_controller/src/SmbHighlevelController.cpp:48:103:[m[K   required from here
[01m[K/opt/ros/noetic/include/ros/message_traits.h:137:30:[m[K [01;31m[Kerror: [m[K‘[01m[K__s_getDataType[m[K’ is not a member of ‘[01m[Kint[m[K’
  137 |     return [01;31m[KM::__s_getDataType()[m[K.c_str();
      |            [01;31m[K~~~~~~~~~~~~~~~~~~^~[m[K
make[2]: *** [CMakeFiles/smb_highlevel_controller.dir/build.make:63: CMakeFiles/smb_highlevel_controller.dir/src/smb_highlevel_controller_node.cpp.o] Error 1
make[2]: *** Waiting for unfinished jobs....
make[2]: *** [CMakeFiles/smb_highlevel_controller.dir/build.make:76: CMakeFiles/smb_highlevel_controller.dir/src/SmbHighlevelController.cpp.o] Error 1
make[1]: *** [CMakeFiles/Makefile2:165: CMakeFiles/smb_highlevel_controller.dir/all] Error 2
make: *** [Makefile:141: all] Error 2
