[01m[K/home/youwuyou/Workspaces/smb_ws/src/smb_highlevel_controller/src/SmbHighlevelController.cpp:[m[K In constructor ‘[01m[Ksmb_highlevel_controller::SmbHighlevelController::SmbHighlevelController(ros::NodeHandle&)[m[K’:
[01m[K/home/youwuyou/Workspaces/smb_ws/src/smb_highlevel_controller/src/SmbHighlevelController.cpp:12:79:[m[K [01;31m[Kerror: [m[Kno matching function for call to ‘[01m[KgetParam(const char [25], uint32_t&)[m[K’
   12 |   success &= nodeHandle_.getParam("/package/scan/queue_size", this->queue_size[01;31m[K)[m[K;
      |                                                                               [01;31m[K^[m[K
In file included from [01m[K/opt/ros/noetic/include/ros/ros.h:45[m[K,
                 from [01m[K/home/youwuyou/Workspaces/smb_ws/src/smb_highlevel_controller/include/smb_highlevel_controller/SmbHighlevelController.hpp:3[m[K,
                 from [01m[K/home/youwuyou/Workspaces/smb_ws/src/smb_highlevel_controller/src/SmbHighlevelController.cpp:1[m[K:
[01m[K/opt/ros/noetic/include/ros/node_handle.h:1683:8:[m[K [01;36m[Knote: [m[Kcandidate: ‘[01m[Kbool ros::NodeHandle::getParam(const string&, double&) const[m[K’ <near match>
 1683 |   bool [01;36m[KgetParam[m[K(const std::string& key, double& d) const;
      |        [01;36m[K^~~~~~~~[m[K
[01m[K/opt/ros/noetic/include/ros/node_handle.h:1683:8:[m[K [01;36m[Knote: [m[K  conversion of argument 2 would be ill-formed:
[01m[K/home/youwuyou/Workspaces/smb_ws/src/smb_highlevel_controller/src/SmbHighlevelController.cpp:12:69:[m[K [01;31m[Kerror: [m[Kcannot bind non-const lvalue reference of type ‘[01m[Kdouble&[m[K’ to an rvalue of type ‘[01m[Kdouble[m[K’
   12 |   success &= nodeHandle_.getParam("/package/scan/queue_size", [01;31m[Kthis->queue_size[m[K);
      |                                                               [01;31m[K~~~~~~^~~~~~~~~~[m[K
In file included from [01m[K/opt/ros/noetic/include/ros/ros.h:45[m[K,
                 from [01m[K/home/youwuyou/Workspaces/smb_ws/src/smb_highlevel_controller/include/smb_highlevel_controller/SmbHighlevelController.hpp:3[m[K,
                 from [01m[K/home/youwuyou/Workspaces/smb_ws/src/smb_highlevel_controller/src/SmbHighlevelController.cpp:1[m[K:
[01m[K/opt/ros/noetic/include/ros/node_handle.h:1694:8:[m[K [01;36m[Knote: [m[Kcandidate: ‘[01m[Kbool ros::NodeHandle::getParam(const string&, float&) const[m[K’ <near match>
 1694 |   bool [01;36m[KgetParam[m[K(const std::string& key, float& f) const;
      |        [01;36m[K^~~~~~~~[m[K
[01m[K/opt/ros/noetic/include/ros/node_handle.h:1694:8:[m[K [01;36m[Knote: [m[K  conversion of argument 2 would be ill-formed:
[01m[K/home/youwuyou/Workspaces/smb_ws/src/smb_highlevel_controller/src/SmbHighlevelController.cpp:12:69:[m[K [01;31m[Kerror: [m[Kcannot bind non-const lvalue reference of type ‘[01m[Kfloat&[m[K’ to an rvalue of type ‘[01m[Kfloat[m[K’
   12 |   success &= nodeHandle_.getParam("/package/scan/queue_size", [01;31m[Kthis->queue_size[m[K);
      |                                                               [01;31m[K~~~~~~^~~~~~~~~~[m[K
In file included from [01m[K/opt/ros/noetic/include/ros/ros.h:45[m[K,
                 from [01m[K/home/youwuyou/Workspaces/smb_ws/src/smb_highlevel_controller/include/smb_highlevel_controller/SmbHighlevelController.hpp:3[m[K,
                 from [01m[K/home/youwuyou/Workspaces/smb_ws/src/smb_highlevel_controller/src/SmbHighlevelController.cpp:1[m[K:
[01m[K/opt/ros/noetic/include/ros/node_handle.h:1705:8:[m[K [01;36m[Knote: [m[Kcandidate: ‘[01m[Kbool ros::NodeHandle::getParam(const string&, int&) const[m[K’ <near match>
 1705 |   bool [01;36m[KgetParam[m[K(const std::string& key, int& i) const;
      |        [01;36m[K^~~~~~~~[m[K
[01m[K/opt/ros/noetic/include/ros/node_handle.h:1705:8:[m[K [01;36m[Knote: [m[K  conversion of argument 2 would be ill-formed:
[01m[K/home/youwuyou/Workspaces/smb_ws/src/smb_highlevel_controller/src/SmbHighlevelController.cpp:12:69:[m[K [01;31m[Kerror: [m[Kcannot bind non-const lvalue reference of type ‘[01m[Kint&[m[K’ to an rvalue of type ‘[01m[Kint[m[K’
   12 |   success &= nodeHandle_.getParam("/package/scan/queue_size", [01;31m[Kthis->queue_size[m[K);
      |                                                               [01;31m[K~~~~~~^~~~~~~~~~[m[K
In file included from [01m[K/opt/ros/noetic/include/ros/ros.h:45[m[K,
                 from [01m[K/home/youwuyou/Workspaces/smb_ws/src/smb_highlevel_controller/include/smb_highlevel_controller/SmbHighlevelController.hpp:3[m[K,
                 from [01m[K/home/youwuyou/Workspaces/smb_ws/src/smb_highlevel_controller/src/SmbHighlevelController.cpp:1[m[K:
[01m[K/opt/ros/noetic/include/ros/node_handle.h:1716:8:[m[K [01;36m[Knote: [m[Kcandidate: ‘[01m[Kbool ros::NodeHandle::getParam(const string&, bool&) const[m[K’ <near match>
 1716 |   bool [01;36m[KgetParam[m[K(const std::string& key, bool& b) const;
      |        [01;36m[K^~~~~~~~[m[K
[01m[K/opt/ros/noetic/include/ros/node_handle.h:1716:8:[m[K [01;36m[Knote: [m[K  conversion of argument 2 would be ill-formed:
[01m[K/home/youwuyou/Workspaces/smb_ws/src/smb_highlevel_controller/src/SmbHighlevelController.cpp:12:69:[m[K [01;31m[Kerror: [m[Kcannot bind non-const lvalue reference of type ‘[01m[Kbool&[m[K’ to an rvalue of type ‘[01m[Kbool[m[K’
   12 |   success &= nodeHandle_.getParam("/package/scan/queue_size", [01;31m[Kthis->queue_size[m[K);
      |                                                               [01;31m[K~~~~~~^~~~~~~~~~[m[K
In file included from [01m[K/opt/ros/noetic/include/ros/ros.h:45[m[K,
                 from [01m[K/home/youwuyou/Workspaces/smb_ws/src/smb_highlevel_controller/include/smb_highlevel_controller/SmbHighlevelController.hpp:3[m[K,
                 from [01m[K/home/youwuyou/Workspaces/smb_ws/src/smb_highlevel_controller/src/SmbHighlevelController.cpp:1[m[K:
[01m[K/opt/ros/noetic/include/ros/node_handle.h:1727:8:[m[K [01;36m[Knote: [m[Kcandidate: ‘[01m[Kbool ros::NodeHandle::getParam(const string&, XmlRpc::XmlRpcValue&) const[m[K’ <near match>
 1727 |   bool [01;36m[KgetParam[m[K(const std::string& key, XmlRpc::XmlRpcValue& v) const;
      |        [01;36m[K^~~~~~~~[m[K
[01m[K/opt/ros/noetic/include/ros/node_handle.h:1727:8:[m[K [01;36m[Knote: [m[K  conversion of argument 2 would be ill-formed:
[01m[K/home/youwuyou/Workspaces/smb_ws/src/smb_highlevel_controller/src/SmbHighlevelController.cpp:12:79:[m[K [01;31m[Kerror: [m[Kconversion from ‘[01m[Kuint32_t[m[K’ {aka ‘[01m[Kunsigned int[m[K’} to ‘[01m[KXmlRpc::XmlRpcValue[m[K’ is ambiguous
   12 |   success &= nodeHandle_.getParam("/package/scan/queue_size", this->queue_size[01;31m[K)[m[K;
      |                                                                               [01;31m[K^[m[K
In file included from [01m[K/opt/ros/noetic/include/ros/node_handle.h:52[m[K,
                 from [01m[K/opt/ros/noetic/include/ros/ros.h:45[m[K,
                 from [01m[K/home/youwuyou/Workspaces/smb_ws/src/smb_highlevel_controller/include/smb_highlevel_controller/SmbHighlevelController.hpp:3[m[K,
                 from [01m[K/home/youwuyou/Workspaces/smb_ws/src/smb_highlevel_controller/src/SmbHighlevelController.cpp:1[m[K:
[01m[K/opt/ros/noetic/include/xmlrpcpp/XmlRpcValue.h:51:5:[m[K [01;36m[Knote: [m[Kcandidate: ‘[01m[KXmlRpc::XmlRpcValue::XmlRpcValue(double)[m[K’
   51 |     [01;36m[KXmlRpcValue[m[K(double value)  : _type(TypeDouble) { _value.asDouble = value; }
      |     [01;36m[K^~~~~~~~~~~[m[K
[01m[K/opt/ros/noetic/include/xmlrpcpp/XmlRpcValue.h:50:5:[m[K [01;36m[Knote: [m[Kcandidate: ‘[01m[KXmlRpc::XmlRpcValue::XmlRpcValue(int)[m[K’
   50 |     [01;36m[KXmlRpcValue[m[K(int value)  : _type(TypeInt) { _value.asInt = value; }
      |     [01;36m[K^~~~~~~~~~~[m[K
[01m[K/opt/ros/noetic/include/xmlrpcpp/XmlRpcValue.h:49:5:[m[K [01;36m[Knote: [m[Kcandidate: ‘[01m[KXmlRpc::XmlRpcValue::XmlRpcValue(bool)[m[K’
   49 |     [01;36m[KXmlRpcValue[m[K(bool value) : _type(TypeBoolean) { _value.asBool = value; }
      |     [01;36m[K^~~~~~~~~~~[m[K
[01m[K/home/youwuyou/Workspaces/smb_ws/src/smb_highlevel_controller/src/SmbHighlevelController.cpp:21:52:[m[K [01;31m[Kerror: [m[K‘[01m[Kgeometry_msgs[m[K’ was not declared in this scope
   21 |   ros::Publisher publisher = nodeHandle_.advertise<[01;31m[Kgeometry_msgs[m[K::Twist>
      |                                                    [01;31m[K^~~~~~~~~~~~~[m[K
[01m[K/home/youwuyou/Workspaces/smb_ws/src/smb_highlevel_controller/src/SmbHighlevelController.cpp:21:42:[m[K [01;31m[Kerror: [m[Kparse error in template argument list
   21 |   ros::Publisher publisher = nodeHandle_.[01;31m[Kadvertise<geometry_msgs::Twist>[m[K
      |                                          [01;31m[K^~~~~~~~~~~~~~~~~~~~~~~~~~~~~~~[m[K
[01m[K/home/youwuyou/Workspaces/smb_ws/src/smb_highlevel_controller/src/SmbHighlevelController.cpp:22:19:[m[K [01;31m[Kerror: [m[Kno matching function for call to ‘[01m[Kros::NodeHandle::advertise<<expression error> >(const char [9], int)[m[K’
   22 |   ("/cmd_vel", 100[01;31m[K)[m[K;
      |                   [01;31m[K^[m[K
In file included from [01m[K/opt/ros/noetic/include/ros/ros.h:45[m[K,
                 from [01m[K/home/youwuyou/Workspaces/smb_ws/src/smb_highlevel_controller/include/smb_highlevel_controller/SmbHighlevelController.hpp:3[m[K,
                 from [01m[K/home/youwuyou/Workspaces/smb_ws/src/smb_highlevel_controller/src/SmbHighlevelController.cpp:1[m[K:
[01m[K/opt/ros/noetic/include/ros/node_handle.h:249:15:[m[K [01;36m[Knote: [m[Kcandidate: ‘[01m[Ktemplate<class M> ros::Publisher ros::NodeHandle::advertise(const string&, uint32_t, bool)[m[K’
  249 |     Publisher [01;36m[Kadvertise[m[K(const std::string& topic, uint32_t queue_size, bool latch = false)
      |               [01;36m[K^~~~~~~~~[m[K
[01m[K/opt/ros/noetic/include/ros/node_handle.h:249:15:[m[K [01;36m[Knote: [m[K  template argument deduction/substitution failed:
[01m[K/home/youwuyou/Workspaces/smb_ws/src/smb_highlevel_controller/src/SmbHighlevelController.cpp:22:19:[m[K [01;31m[Kerror: [m[Ktemplate argument 1 is invalid
   22 |   ("/cmd_vel", 100[01;31m[K)[m[K;
      |                   [01;31m[K^[m[K
In file included from [01m[K/opt/ros/noetic/include/ros/ros.h:45[m[K,
                 from [01m[K/home/youwuyou/Workspaces/smb_ws/src/smb_highlevel_controller/include/smb_highlevel_controller/SmbHighlevelController.hpp:3[m[K,
                 from [01m[K/home/youwuyou/Workspaces/smb_ws/src/smb_highlevel_controller/src/SmbHighlevelController.cpp:1[m[K:
[01m[K/opt/ros/noetic/include/ros/node_handle.h:315:13:[m[K [01;36m[Knote: [m[Kcandidate: ‘[01m[Ktemplate<class M> ros::Publisher ros::NodeHandle::advertise(const string&, uint32_t, const SubscriberStatusCallback&, const SubscriberStatusCallback&, const VoidConstPtr&, bool)[m[K’
  315 |   Publisher [01;36m[Kadvertise[m[K(const std::string& topic, uint32_t queue_size,
      |             [01;36m[K^~~~~~~~~[m[K
[01m[K/opt/ros/noetic/include/ros/node_handle.h:315:13:[m[K [01;36m[Knote: [m[K  template argument deduction/substitution failed:
[01m[K/home/youwuyou/Workspaces/smb_ws/src/smb_highlevel_controller/src/SmbHighlevelController.cpp:22:19:[m[K [01;31m[Kerror: [m[Ktemplate argument 1 is invalid
   22 |   ("/cmd_vel", 100[01;31m[K)[m[K;
      |                   [01;31m[K^[m[K
[01m[K/home/youwuyou/Workspaces/smb_ws/src/smb_highlevel_controller/src/SmbHighlevelController.cpp:[m[K In member function ‘[01m[Kvoid smb_highlevel_controller::SmbHighlevelController::callback(const ConstPtr&)[m[K’:
[01m[K/home/youwuyou/Workspaces/smb_ws/src/smb_highlevel_controller/src/SmbHighlevelController.cpp:39:25:[m[K [01;31m[Kerror: [m[Kcannot convert ‘[01m[Kconst _range_max_type[m[K’ {aka ‘[01m[Kconst float[m[K’} to ‘[01m[Kfloat_t*[m[K’ {aka ‘[01m[Kfloat*[m[K’} in initialization
   39 |     float_t* min = [01;31m[Kmsg->range_max[m[K;
      |                    [01;31m[K~~~~~^~~~~~~~~[m[K
      |                         [01;31m[K|[m[K
      |                         [01;31m[Kconst _range_max_type {aka const float}[m[K
[01m[K/home/youwuyou/Workspaces/smb_ws/src/smb_highlevel_controller/src/SmbHighlevelController.cpp:43:29:[m[K [01;31m[Kerror: [m[Kinvalid operands of types ‘[01m[Kconst value_type[m[K’ {aka ‘[01m[Kconst float[m[K’} and ‘[01m[Kfloat_t*[m[K’ {aka ‘[01m[Kfloat*[m[K’} to binary ‘[01m[Koperator<[m[K’
   43 |           if(msg->ranges[i] < min){
[01m[K/home/youwuyou/Workspaces/smb_ws/src/smb_highlevel_controller/src/SmbHighlevelController.cpp:44:35:[m[K [01;31m[Kerror: [m[Kcannot convert ‘[01m[Kconst value_type[m[K’ {aka ‘[01m[Kconst float[m[K’} to ‘[01m[Kfloat_t*[m[K’ {aka ‘[01m[Kfloat*[m[K’} in assignment
   44 |               min = msg-> ranges[i[01;31m[K][m[K;
      |                                   [01;31m[K^[m[K
make[2]: *** [CMakeFiles/smb_highlevel_controller.dir/build.make:76: CMakeFiles/smb_highlevel_controller.dir/src/SmbHighlevelController.cpp.o] Error 1
make[1]: *** [CMakeFiles/Makefile2:165: CMakeFiles/smb_highlevel_controller.dir/all] Error 2
make: *** [Makefile:141: all] Error 2
