[01m[K/home/youwuyou/Workspaces/smb_ws/src/smb_highlevel_controller/src/SmbHighlevelController.cpp:[m[K In constructor ‘[01m[Ksmb_highlevel_controller::SmbHighlevelController::SmbHighlevelController(ros::NodeHandle&)[m[K’:
[01m[K/home/youwuyou/Workspaces/smb_ws/src/smb_highlevel_controller/src/SmbHighlevelController.cpp:19:53:[m[K [01;31m[Kerror: [m[Kno matching function for call to ‘[01m[KgetParam(const char [11], uint32_t&)[m[K’
   19 |   if (!nodeHandle_.getParam("queue_size", queue_size[01;31m[K)[m[K){
      |                                                     [01;31m[K^[m[K
In file included from [01m[K/opt/ros/noetic/include/ros/ros.h:45[m[K,
                 from [01m[K/home/youwuyou/Workspaces/smb_ws/src/smb_highlevel_controller/include/smb_highlevel_controller/SmbHighlevelController.hpp:3[m[K,
                 from [01m[K/home/youwuyou/Workspaces/smb_ws/src/smb_highlevel_controller/src/SmbHighlevelController.cpp:1[m[K:
[01m[K/opt/ros/noetic/include/ros/node_handle.h:1683:8:[m[K [01;36m[Knote: [m[Kcandidate: ‘[01m[Kbool ros::NodeHandle::getParam(const string&, double&) const[m[K’ <near match>
 1683 |   bool [01;36m[KgetParam[m[K(const std::string& key, double& d) const;
      |        [01;36m[K^~~~~~~~[m[K
[01m[K/opt/ros/noetic/include/ros/node_handle.h:1683:8:[m[K [01;36m[Knote: [m[K  conversion of argument 2 would be ill-formed:
[01m[K/home/youwuyou/Workspaces/smb_ws/src/smb_highlevel_controller/src/SmbHighlevelController.cpp:19:43:[m[K [01;31m[Kerror: [m[Kcannot bind non-const lvalue reference of type ‘[01m[Kdouble&[m[K’ to an rvalue of type ‘[01m[Kdouble[m[K’
   19 |   if (!nodeHandle_.getParam("queue_size", [01;31m[Kqueue_size[m[K)){
      |                                           [01;31m[K^~~~~~~~~~[m[K
In file included from [01m[K/opt/ros/noetic/include/ros/ros.h:45[m[K,
                 from [01m[K/home/youwuyou/Workspaces/smb_ws/src/smb_highlevel_controller/include/smb_highlevel_controller/SmbHighlevelController.hpp:3[m[K,
                 from [01m[K/home/youwuyou/Workspaces/smb_ws/src/smb_highlevel_controller/src/SmbHighlevelController.cpp:1[m[K:
[01m[K/opt/ros/noetic/include/ros/node_handle.h:1694:8:[m[K [01;36m[Knote: [m[Kcandidate: ‘[01m[Kbool ros::NodeHandle::getParam(const string&, float&) const[m[K’ <near match>
 1694 |   bool [01;36m[KgetParam[m[K(const std::string& key, float& f) const;
      |        [01;36m[K^~~~~~~~[m[K
[01m[K/opt/ros/noetic/include/ros/node_handle.h:1694:8:[m[K [01;36m[Knote: [m[K  conversion of argument 2 would be ill-formed:
[01m[K/home/youwuyou/Workspaces/smb_ws/src/smb_highlevel_controller/src/SmbHighlevelController.cpp:19:43:[m[K [01;31m[Kerror: [m[Kcannot bind non-const lvalue reference of type ‘[01m[Kfloat&[m[K’ to an rvalue of type ‘[01m[Kfloat[m[K’
   19 |   if (!nodeHandle_.getParam("queue_size", [01;31m[Kqueue_size[m[K)){
      |                                           [01;31m[K^~~~~~~~~~[m[K
In file included from [01m[K/opt/ros/noetic/include/ros/ros.h:45[m[K,
                 from [01m[K/home/youwuyou/Workspaces/smb_ws/src/smb_highlevel_controller/include/smb_highlevel_controller/SmbHighlevelController.hpp:3[m[K,
                 from [01m[K/home/youwuyou/Workspaces/smb_ws/src/smb_highlevel_controller/src/SmbHighlevelController.cpp:1[m[K:
[01m[K/opt/ros/noetic/include/ros/node_handle.h:1705:8:[m[K [01;36m[Knote: [m[Kcandidate: ‘[01m[Kbool ros::NodeHandle::getParam(const string&, int&) const[m[K’ <near match>
 1705 |   bool [01;36m[KgetParam[m[K(const std::string& key, int& i) const;
      |        [01;36m[K^~~~~~~~[m[K
[01m[K/opt/ros/noetic/include/ros/node_handle.h:1705:8:[m[K [01;36m[Knote: [m[K  conversion of argument 2 would be ill-formed:
[01m[K/home/youwuyou/Workspaces/smb_ws/src/smb_highlevel_controller/src/SmbHighlevelController.cpp:19:43:[m[K [01;31m[Kerror: [m[Kcannot bind non-const lvalue reference of type ‘[01m[Kint&[m[K’ to an rvalue of type ‘[01m[Kint[m[K’
   19 |   if (!nodeHandle_.getParam("queue_size", [01;31m[Kqueue_size[m[K)){
      |                                           [01;31m[K^~~~~~~~~~[m[K
In file included from [01m[K/opt/ros/noetic/include/ros/ros.h:45[m[K,
                 from [01m[K/home/youwuyou/Workspaces/smb_ws/src/smb_highlevel_controller/include/smb_highlevel_controller/SmbHighlevelController.hpp:3[m[K,
                 from [01m[K/home/youwuyou/Workspaces/smb_ws/src/smb_highlevel_controller/src/SmbHighlevelController.cpp:1[m[K:
[01m[K/opt/ros/noetic/include/ros/node_handle.h:1716:8:[m[K [01;36m[Knote: [m[Kcandidate: ‘[01m[Kbool ros::NodeHandle::getParam(const string&, bool&) const[m[K’ <near match>
 1716 |   bool [01;36m[KgetParam[m[K(const std::string& key, bool& b) const;
      |        [01;36m[K^~~~~~~~[m[K
[01m[K/opt/ros/noetic/include/ros/node_handle.h:1716:8:[m[K [01;36m[Knote: [m[K  conversion of argument 2 would be ill-formed:
[01m[K/home/youwuyou/Workspaces/smb_ws/src/smb_highlevel_controller/src/SmbHighlevelController.cpp:19:43:[m[K [01;31m[Kerror: [m[Kcannot bind non-const lvalue reference of type ‘[01m[Kbool&[m[K’ to an rvalue of type ‘[01m[Kbool[m[K’
   19 |   if (!nodeHandle_.getParam("queue_size", [01;31m[Kqueue_size[m[K)){
      |                                           [01;31m[K^~~~~~~~~~[m[K
In file included from [01m[K/opt/ros/noetic/include/ros/ros.h:45[m[K,
                 from [01m[K/home/youwuyou/Workspaces/smb_ws/src/smb_highlevel_controller/include/smb_highlevel_controller/SmbHighlevelController.hpp:3[m[K,
                 from [01m[K/home/youwuyou/Workspaces/smb_ws/src/smb_highlevel_controller/src/SmbHighlevelController.cpp:1[m[K:
[01m[K/opt/ros/noetic/include/ros/node_handle.h:1727:8:[m[K [01;36m[Knote: [m[Kcandidate: ‘[01m[Kbool ros::NodeHandle::getParam(const string&, XmlRpc::XmlRpcValue&) const[m[K’ <near match>
 1727 |   bool [01;36m[KgetParam[m[K(const std::string& key, XmlRpc::XmlRpcValue& v) const;
      |        [01;36m[K^~~~~~~~[m[K
[01m[K/opt/ros/noetic/include/ros/node_handle.h:1727:8:[m[K [01;36m[Knote: [m[K  conversion of argument 2 would be ill-formed:
[01m[K/home/youwuyou/Workspaces/smb_ws/src/smb_highlevel_controller/src/SmbHighlevelController.cpp:19:53:[m[K [01;31m[Kerror: [m[Kconversion from ‘[01m[Kuint32_t[m[K’ {aka ‘[01m[Kunsigned int[m[K’} to ‘[01m[KXmlRpc::XmlRpcValue[m[K’ is ambiguous
   19 |   if (!nodeHandle_.getParam("queue_size", queue_size[01;31m[K)[m[K){
      |                                                     [01;31m[K^[m[K
In file included from [01m[K/opt/ros/noetic/include/ros/node_handle.h:52[m[K,
                 from [01m[K/opt/ros/noetic/include/ros/ros.h:45[m[K,
                 from [01m[K/home/youwuyou/Workspaces/smb_ws/src/smb_highlevel_controller/include/smb_highlevel_controller/SmbHighlevelController.hpp:3[m[K,
                 from [01m[K/home/youwuyou/Workspaces/smb_ws/src/smb_highlevel_controller/src/SmbHighlevelController.cpp:1[m[K:
[01m[K/opt/ros/noetic/include/xmlrpcpp/XmlRpcValue.h:51:5:[m[K [01;36m[Knote: [m[Kcandidate: ‘[01m[KXmlRpc::XmlRpcValue::XmlRpcValue(double)[m[K’
   51 |     [01;36m[KXmlRpcValue[m[K(double value)  : _type(TypeDouble) { _value.asDouble = value; }
      |     [01;36m[K^~~~~~~~~~~[m[K
[01m[K/opt/ros/noetic/include/xmlrpcpp/XmlRpcValue.h:50:5:[m[K [01;36m[Knote: [m[Kcandidate: ‘[01m[KXmlRpc::XmlRpcValue::XmlRpcValue(int)[m[K’
   50 |     [01;36m[KXmlRpcValue[m[K(int value)  : _type(TypeInt) { _value.asInt = value; }
      |     [01;36m[K^~~~~~~~~~~[m[K
[01m[K/opt/ros/noetic/include/xmlrpcpp/XmlRpcValue.h:49:5:[m[K [01;36m[Knote: [m[Kcandidate: ‘[01m[KXmlRpc::XmlRpcValue::XmlRpcValue(bool)[m[K’
   49 |     [01;36m[KXmlRpcValue[m[K(bool value) : _type(TypeBoolean) { _value.asBool = value; }
      |     [01;36m[K^~~~~~~~~~~[m[K
[01m[K/home/youwuyou/Workspaces/smb_ws/src/smb_highlevel_controller/src/SmbHighlevelController.cpp:29:101:[m[K [01;31m[Kerror: [m[Kno matching function for call to ‘[01m[Kros::NodeHandle::subscribe(std::string&, uint32_t&, void (smb_highlevel_controller::SmbHighlevelController::*)(const ConstPtr&))[m[K’
   29 |         this->nodeHandle_.subscribe(this->topic, this->queue_size, &SmbHighlevelController::callback[01;31m[K)[m[K;
      |                                                                                                     [01;31m[K^[m[K
In file included from [01m[K/opt/ros/noetic/include/ros/ros.h:45[m[K,
                 from [01m[K/home/youwuyou/Workspaces/smb_ws/src/smb_highlevel_controller/include/smb_highlevel_controller/SmbHighlevelController.hpp:3[m[K,
                 from [01m[K/home/youwuyou/Workspaces/smb_ws/src/smb_highlevel_controller/src/SmbHighlevelController.cpp:1[m[K:
[01m[K/opt/ros/noetic/include/ros/node_handle.h:402:14:[m[K [01;36m[Knote: [m[Kcandidate: ‘[01m[Ktemplate<class M, class T> ros::Subscriber ros::NodeHandle::subscribe(const string&, uint32_t, void (T::*)(M), T*, const ros::TransportHints&)[m[K’
  402 |   Subscriber [01;36m[Ksubscribe[m[K(const std::string& topic, uint32_t queue_size, void(T::*fp)(M), T* obj,
      |              [01;36m[K^~~~~~~~~[m[K
[01m[K/opt/ros/noetic/include/ros/node_handle.h:402:14:[m[K [01;36m[Knote: [m[K  template argument deduction/substitution failed:
[01m[K/home/youwuyou/Workspaces/smb_ws/src/smb_highlevel_controller/src/SmbHighlevelController.cpp:29:101:[m[K [01;36m[Knote: [m[K  candidate expects 5 arguments, 3 provided
   29 |         this->nodeHandle_.subscribe(this->topic, this->queue_size, &SmbHighlevelController::callback[01;36m[K)[m[K;
      |                                                                                                     [01;36m[K^[m[K
In file included from [01m[K/opt/ros/noetic/include/ros/ros.h:45[m[K,
                 from [01m[K/home/youwuyou/Workspaces/smb_ws/src/smb_highlevel_controller/include/smb_highlevel_controller/SmbHighlevelController.hpp:3[m[K,
                 from [01m[K/home/youwuyou/Workspaces/smb_ws/src/smb_highlevel_controller/src/SmbHighlevelController.cpp:1[m[K:
[01m[K/opt/ros/noetic/include/ros/node_handle.h:413:14:[m[K [01;36m[Knote: [m[Kcandidate: ‘[01m[Ktemplate<class M, class T> ros::Subscriber ros::NodeHandle::subscribe(const string&, uint32_t, void (T::*)(M) const, T*, const ros::TransportHints&)[m[K’
  413 |   Subscriber [01;36m[Ksubscribe[m[K(const std::string& topic, uint32_t queue_size, void(T::*fp)(M) const, T* obj,
      |              [01;36m[K^~~~~~~~~[m[K
[01m[K/opt/ros/noetic/include/ros/node_handle.h:413:14:[m[K [01;36m[Knote: [m[K  template argument deduction/substitution failed:
[01m[K/home/youwuyou/Workspaces/smb_ws/src/smb_highlevel_controller/src/SmbHighlevelController.cpp:29:101:[m[K [01;36m[Knote: [m[K  types ‘[01m[Kvoid (T::)(M) const[m[K’ and ‘[01m[Kvoid (smb_highlevel_controller::SmbHighlevelController::)(const ConstPtr&)[m[K’ {aka ‘[01m[Kvoid (smb_highlevel_controller::SmbHighlevelController::)(const boost::shared_ptr<const sensor_msgs::LaserScan_<std::allocator<void> > >&)[m[K’} have incompatible cv-qualifiers
   29 |         this->nodeHandle_.subscribe(this->topic, this->queue_size, &SmbHighlevelController::callback[01;36m[K)[m[K;
      |                                                                                                     [01;36m[K^[m[K
In file included from [01m[K/opt/ros/noetic/include/ros/ros.h:45[m[K,
                 from [01m[K/home/youwuyou/Workspaces/smb_ws/src/smb_highlevel_controller/include/smb_highlevel_controller/SmbHighlevelController.hpp:3[m[K,
                 from [01m[K/home/youwuyou/Workspaces/smb_ws/src/smb_highlevel_controller/src/SmbHighlevelController.cpp:1[m[K:
[01m[K/opt/ros/noetic/include/ros/node_handle.h:465:14:[m[K [01;36m[Knote: [m[Kcandidate: ‘[01m[Ktemplate<class M, class T> ros::Subscriber ros::NodeHandle::subscribe(const string&, uint32_t, void (T::*)(const boost::shared_ptr<const M>&), T*, const ros::TransportHints&)[m[K’
  465 |   Subscriber [01;36m[Ksubscribe[m[K(const std::string& topic, uint32_t queue_size,
      |              [01;36m[K^~~~~~~~~[m[K
[01m[K/opt/ros/noetic/include/ros/node_handle.h:465:14:[m[K [01;36m[Knote: [m[K  template argument deduction/substitution failed:
[01m[K/home/youwuyou/Workspaces/smb_ws/src/smb_highlevel_controller/src/SmbHighlevelController.cpp:29:101:[m[K [01;36m[Knote: [m[K  candidate expects 5 arguments, 3 provided
   29 |         this->nodeHandle_.subscribe(this->topic, this->queue_size, &SmbHighlevelController::callback[01;36m[K)[m[K;
      |                                                                                                     [01;36m[K^[m[K
In file included from [01m[K/opt/ros/noetic/include/ros/ros.h:45[m[K,
                 from [01m[K/home/youwuyou/Workspaces/smb_ws/src/smb_highlevel_controller/include/smb_highlevel_controller/SmbHighlevelController.hpp:3[m[K,
                 from [01m[K/home/youwuyou/Workspaces/smb_ws/src/smb_highlevel_controller/src/SmbHighlevelController.cpp:1[m[K:
[01m[K/opt/ros/noetic/include/ros/node_handle.h:475:14:[m[K [01;36m[Knote: [m[Kcandidate: ‘[01m[Ktemplate<class M, class T> ros::Subscriber ros::NodeHandle::subscribe(const string&, uint32_t, void (T::*)(const boost::shared_ptr<const M>&) const, T*, const ros::TransportHints&)[m[K’
  475 |   Subscriber [01;36m[Ksubscribe[m[K(const std::string& topic, uint32_t queue_size,
      |              [01;36m[K^~~~~~~~~[m[K
[01m[K/opt/ros/noetic/include/ros/node_handle.h:475:14:[m[K [01;36m[Knote: [m[K  template argument deduction/substitution failed:
[01m[K/home/youwuyou/Workspaces/smb_ws/src/smb_highlevel_controller/src/SmbHighlevelController.cpp:29:101:[m[K [01;36m[Knote: [m[K  types ‘[01m[Kvoid (T::)(const boost::shared_ptr<const M>&) const[m[K’ and ‘[01m[Kvoid (smb_highlevel_controller::SmbHighlevelController::)(const ConstPtr&)[m[K’ {aka ‘[01m[Kvoid (smb_highlevel_controller::SmbHighlevelController::)(const boost::shared_ptr<const sensor_msgs::LaserScan_<std::allocator<void> > >&)[m[K’} have incompatible cv-qualifiers
   29 |         this->nodeHandle_.subscribe(this->topic, this->queue_size, &SmbHighlevelController::callback[01;36m[K)[m[K;
      |                                                                                                     [01;36m[K^[m[K
In file included from [01m[K/opt/ros/noetic/include/ros/ros.h:45[m[K,
                 from [01m[K/home/youwuyou/Workspaces/smb_ws/src/smb_highlevel_controller/include/smb_highlevel_controller/SmbHighlevelController.hpp:3[m[K,
                 from [01m[K/home/youwuyou/Workspaces/smb_ws/src/smb_highlevel_controller/src/SmbHighlevelController.cpp:1[m[K:
[01m[K/opt/ros/noetic/include/ros/node_handle.h:529:14:[m[K [01;36m[Knote: [m[Kcandidate: ‘[01m[Ktemplate<class M, class T> ros::Subscriber ros::NodeHandle::subscribe(const string&, uint32_t, void (T::*)(M), const boost::shared_ptr<U>&, const ros::TransportHints&)[m[K’
  529 |   Subscriber [01;36m[Ksubscribe[m[K(const std::string& topic, uint32_t queue_size, void(T::*fp)(M),
      |              [01;36m[K^~~~~~~~~[m[K
[01m[K/opt/ros/noetic/include/ros/node_handle.h:529:14:[m[K [01;36m[Knote: [m[K  template argument deduction/substitution failed:
[01m[K/home/youwuyou/Workspaces/smb_ws/src/smb_highlevel_controller/src/SmbHighlevelController.cpp:29:101:[m[K [01;36m[Knote: [m[K  candidate expects 5 arguments, 3 provided
   29 |         this->nodeHandle_.subscribe(this->topic, this->queue_size, &SmbHighlevelController::callback[01;36m[K)[m[K;
      |                                                                                                     [01;36m[K^[m[K
In file included from [01m[K/opt/ros/noetic/include/ros/ros.h:45[m[K,
                 from [01m[K/home/youwuyou/Workspaces/smb_ws/src/smb_highlevel_controller/include/smb_highlevel_controller/SmbHighlevelController.hpp:3[m[K,
                 from [01m[K/home/youwuyou/Workspaces/smb_ws/src/smb_highlevel_controller/src/SmbHighlevelController.cpp:1[m[K:
[01m[K/opt/ros/noetic/include/ros/node_handle.h:540:14:[m[K [01;36m[Knote: [m[Kcandidate: ‘[01m[Ktemplate<class M, class T> ros::Subscriber ros::NodeHandle::subscribe(const string&, uint32_t, void (T::*)(M) const, const boost::shared_ptr<U>&, const ros::TransportHints&)[m[K’
  540 |   Subscriber [01;36m[Ksubscribe[m[K(const std::string& topic, uint32_t queue_size, void(T::*fp)(M) const,
      |              [01;36m[K^~~~~~~~~[m[K
[01m[K/opt/ros/noetic/include/ros/node_handle.h:540:14:[m[K [01;36m[Knote: [m[K  template argument deduction/substitution failed:
[01m[K/home/youwuyou/Workspaces/smb_ws/src/smb_highlevel_controller/src/SmbHighlevelController.cpp:29:101:[m[K [01;36m[Knote: [m[K  types ‘[01m[Kvoid (T::)(M) const[m[K’ and ‘[01m[Kvoid (smb_highlevel_controller::SmbHighlevelController::)(const ConstPtr&)[m[K’ {aka ‘[01m[Kvoid (smb_highlevel_controller::SmbHighlevelController::)(const boost::shared_ptr<const sensor_msgs::LaserScan_<std::allocator<void> > >&)[m[K’} have incompatible cv-qualifiers
   29 |         this->nodeHandle_.subscribe(this->topic, this->queue_size, &SmbHighlevelController::callback[01;36m[K)[m[K;
      |                                                                                                     [01;36m[K^[m[K
In file included from [01m[K/opt/ros/noetic/include/ros/ros.h:45[m[K,
                 from [01m[K/home/youwuyou/Workspaces/smb_ws/src/smb_highlevel_controller/include/smb_highlevel_controller/SmbHighlevelController.hpp:3[m[K,
                 from [01m[K/home/youwuyou/Workspaces/smb_ws/src/smb_highlevel_controller/src/SmbHighlevelController.cpp:1[m[K:
[01m[K/opt/ros/noetic/include/ros/node_handle.h:594:14:[m[K [01;36m[Knote: [m[Kcandidate: ‘[01m[Ktemplate<class M, class T> ros::Subscriber ros::NodeHandle::subscribe(const string&, uint32_t, void (T::*)(const boost::shared_ptr<const M>&), const boost::shared_ptr<U>&, const ros::TransportHints&)[m[K’
  594 |   Subscriber [01;36m[Ksubscribe[m[K(const std::string& topic, uint32_t queue_size,
      |              [01;36m[K^~~~~~~~~[m[K
[01m[K/opt/ros/noetic/include/ros/node_handle.h:594:14:[m[K [01;36m[Knote: [m[K  template argument deduction/substitution failed:
[01m[K/home/youwuyou/Workspaces/smb_ws/src/smb_highlevel_controller/src/SmbHighlevelController.cpp:29:101:[m[K [01;36m[Knote: [m[K  candidate expects 5 arguments, 3 provided
   29 |         this->nodeHandle_.subscribe(this->topic, this->queue_size, &SmbHighlevelController::callback[01;36m[K)[m[K;
      |                                                                                                     [01;36m[K^[m[K
In file included from [01m[K/opt/ros/noetic/include/ros/ros.h:45[m[K,
                 from [01m[K/home/youwuyou/Workspaces/smb_ws/src/smb_highlevel_controller/include/smb_highlevel_controller/SmbHighlevelController.hpp:3[m[K,
                 from [01m[K/home/youwuyou/Workspaces/smb_ws/src/smb_highlevel_controller/src/SmbHighlevelController.cpp:1[m[K:
[01m[K/opt/ros/noetic/include/ros/node_handle.h:605:14:[m[K [01;36m[Knote: [m[Kcandidate: ‘[01m[Ktemplate<class M, class T> ros::Subscriber ros::NodeHandle::subscribe(const string&, uint32_t, void (T::*)(const boost::shared_ptr<const M>&) const, const boost::shared_ptr<U>&, const ros::TransportHints&)[m[K’
  605 |   Subscriber [01;36m[Ksubscribe[m[K(const std::string& topic, uint32_t queue_size,
      |              [01;36m[K^~~~~~~~~[m[K
[01m[K/opt/ros/noetic/include/ros/node_handle.h:605:14:[m[K [01;36m[Knote: [m[K  template argument deduction/substitution failed:
[01m[K/home/youwuyou/Workspaces/smb_ws/src/smb_highlevel_controller/src/SmbHighlevelController.cpp:29:101:[m[K [01;36m[Knote: [m[K  types ‘[01m[Kvoid (T::)(const boost::shared_ptr<const M>&) const[m[K’ and ‘[01m[Kvoid (smb_highlevel_controller::SmbHighlevelController::)(const ConstPtr&)[m[K’ {aka ‘[01m[Kvoid (smb_highlevel_controller::SmbHighlevelController::)(const boost::shared_ptr<const sensor_msgs::LaserScan_<std::allocator<void> > >&)[m[K’} have incompatible cv-qualifiers
   29 |         this->nodeHandle_.subscribe(this->topic, this->queue_size, &SmbHighlevelController::callback[01;36m[K)[m[K;
      |                                                                                                     [01;36m[K^[m[K
In file included from [01m[K/opt/ros/noetic/include/ros/ros.h:45[m[K,
                 from [01m[K/home/youwuyou/Workspaces/smb_ws/src/smb_highlevel_controller/include/smb_highlevel_controller/SmbHighlevelController.hpp:3[m[K,
                 from [01m[K/home/youwuyou/Workspaces/smb_ws/src/smb_highlevel_controller/src/SmbHighlevelController.cpp:1[m[K:
[01m[K/opt/ros/noetic/include/ros/node_handle.h:656:14:[m[K [01;36m[Knote: [m[Kcandidate: ‘[01m[Ktemplate<class M> ros::Subscriber ros::NodeHandle::subscribe(const string&, uint32_t, void (*)(M), const ros::TransportHints&)[m[K’
  656 |   Subscriber [01;36m[Ksubscribe[m[K(const std::string& topic, uint32_t queue_size, void(*fp)(M), const TransportHints& transport_hints = TransportHints())
      |              [01;36m[K^~~~~~~~~[m[K
[01m[K/opt/ros/noetic/include/ros/node_handle.h:656:14:[m[K [01;36m[Knote: [m[K  template argument deduction/substitution failed:
[01m[K/home/youwuyou/Workspaces/smb_ws/src/smb_highlevel_controller/src/SmbHighlevelController.cpp:29:101:[m[K [01;36m[Knote: [m[K  mismatched types ‘[01m[Kvoid (*)(M)[m[K’ and ‘[01m[Kvoid (smb_highlevel_controller::SmbHighlevelController::*)(const ConstPtr&)[m[K’ {aka ‘[01m[Kvoid (smb_highlevel_controller::SmbHighlevelController::*)(const boost::shared_ptr<const sensor_msgs::LaserScan_<std::allocator<void> > >&)[m[K’}
   29 |         this->nodeHandle_.subscribe(this->topic, this->queue_size, &SmbHighlevelController::callback[01;36m[K)[m[K;
      |                                                                                                     [01;36m[K^[m[K
In file included from [01m[K/opt/ros/noetic/include/ros/ros.h:45[m[K,
                 from [01m[K/home/youwuyou/Workspaces/smb_ws/src/smb_highlevel_controller/include/smb_highlevel_controller/SmbHighlevelController.hpp:3[m[K,
                 from [01m[K/home/youwuyou/Workspaces/smb_ws/src/smb_highlevel_controller/src/SmbHighlevelController.cpp:1[m[K:
[01m[K/opt/ros/noetic/include/ros/node_handle.h:704:14:[m[K [01;36m[Knote: [m[Kcandidate: ‘[01m[Ktemplate<class M> ros::Subscriber ros::NodeHandle::subscribe(const string&, uint32_t, void (*)(const boost::shared_ptr<const M>&), const ros::TransportHints&)[m[K’
  704 |   Subscriber [01;36m[Ksubscribe[m[K(const std::string& topic, uint32_t queue_size, void(*fp)(const boost::shared_ptr<M const>&), const TransportHints& transport_hints = TransportHints())
      |              [01;36m[K^~~~~~~~~[m[K
[01m[K/opt/ros/noetic/include/ros/node_handle.h:704:14:[m[K [01;36m[Knote: [m[K  template argument deduction/substitution failed:
[01m[K/home/youwuyou/Workspaces/smb_ws/src/smb_highlevel_controller/src/SmbHighlevelController.cpp:29:101:[m[K [01;36m[Knote: [m[K  mismatched types ‘[01m[Kvoid (*)(const boost::shared_ptr<const M>&)[m[K’ and ‘[01m[Kvoid (smb_highlevel_controller::SmbHighlevelController::*)(const ConstPtr&)[m[K’ {aka ‘[01m[Kvoid (smb_highlevel_controller::SmbHighlevelController::*)(const boost::shared_ptr<const sensor_msgs::LaserScan_<std::allocator<void> > >&)[m[K’}
   29 |         this->nodeHandle_.subscribe(this->topic, this->queue_size, &SmbHighlevelController::callback[01;36m[K)[m[K;
      |                                                                                                     [01;36m[K^[m[K
In file included from [01m[K/opt/ros/noetic/include/ros/ros.h:45[m[K,
                 from [01m[K/home/youwuyou/Workspaces/smb_ws/src/smb_highlevel_controller/include/smb_highlevel_controller/SmbHighlevelController.hpp:3[m[K,
                 from [01m[K/home/youwuyou/Workspaces/smb_ws/src/smb_highlevel_controller/src/SmbHighlevelController.cpp:1[m[K:
[01m[K/opt/ros/noetic/include/ros/node_handle.h:750:14:[m[K [01;36m[Knote: [m[Kcandidate: ‘[01m[Ktemplate<class M> ros::Subscriber ros::NodeHandle::subscribe(const string&, uint32_t, const boost::function<void(const boost::shared_ptr<const M>&)>&, const VoidConstPtr&, const ros::TransportHints&)[m[K’
  750 |   Subscriber [01;36m[Ksubscribe[m[K(const std::string& topic, uint32_t queue_size, const boost::function<void (const boost::shared_ptr<M const>&)>& callback,
      |              [01;36m[K^~~~~~~~~[m[K
[01m[K/opt/ros/noetic/include/ros/node_handle.h:750:14:[m[K [01;36m[Knote: [m[K  template argument deduction/substitution failed:
[01m[K/home/youwuyou/Workspaces/smb_ws/src/smb_highlevel_controller/src/SmbHighlevelController.cpp:29:101:[m[K [01;36m[Knote: [m[K  mismatched types ‘[01m[Kconst boost::function<void(const boost::shared_ptr<const M>&)>[m[K’ and ‘[01m[Kvoid (smb_highlevel_controller::SmbHighlevelController::*)(const ConstPtr&)[m[K’ {aka ‘[01m[Kvoid (smb_highlevel_controller::SmbHighlevelController::*)(const boost::shared_ptr<const sensor_msgs::LaserScan_<std::allocator<void> > >&)[m[K’}
   29 |         this->nodeHandle_.subscribe(this->topic, this->queue_size, &SmbHighlevelController::callback[01;36m[K)[m[K;
      |                                                                                                     [01;36m[K^[m[K
In file included from [01m[K/opt/ros/noetic/include/ros/ros.h:45[m[K,
                 from [01m[K/home/youwuyou/Workspaces/smb_ws/src/smb_highlevel_controller/include/smb_highlevel_controller/SmbHighlevelController.hpp:3[m[K,
                 from [01m[K/home/youwuyou/Workspaces/smb_ws/src/smb_highlevel_controller/src/SmbHighlevelController.cpp:1[m[K:
[01m[K/opt/ros/noetic/include/ros/node_handle.h:799:14:[m[K [01;36m[Knote: [m[Kcandidate: ‘[01m[Ktemplate<class M, class C> ros::Subscriber ros::NodeHandle::subscribe(const string&, uint32_t, const boost::function<void(C)>&, const VoidConstPtr&, const ros::TransportHints&)[m[K’
  799 |   Subscriber [01;36m[Ksubscribe[m[K(const std::string& topic, uint32_t queue_size, const boost::function<void (C)>& callback,
      |              [01;36m[K^~~~~~~~~[m[K
[01m[K/opt/ros/noetic/include/ros/node_handle.h:799:14:[m[K [01;36m[Knote: [m[K  template argument deduction/substitution failed:
[01m[K/home/youwuyou/Workspaces/smb_ws/src/smb_highlevel_controller/src/SmbHighlevelController.cpp:29:101:[m[K [01;36m[Knote: [m[K  mismatched types ‘[01m[Kconst boost::function<void(C)>[m[K’ and ‘[01m[Kvoid (smb_highlevel_controller::SmbHighlevelController::*)(const ConstPtr&)[m[K’ {aka ‘[01m[Kvoid (smb_highlevel_controller::SmbHighlevelController::*)(const boost::shared_ptr<const sensor_msgs::LaserScan_<std::allocator<void> > >&)[m[K’}
   29 |         this->nodeHandle_.subscribe(this->topic, this->queue_size, &SmbHighlevelController::callback[01;36m[K)[m[K;
      |                                                                                                     [01;36m[K^[m[K
In file included from [01m[K/opt/ros/noetic/include/ros/ros.h:45[m[K,
                 from [01m[K/home/youwuyou/Workspaces/smb_ws/src/smb_highlevel_controller/include/smb_highlevel_controller/SmbHighlevelController.hpp:3[m[K,
                 from [01m[K/home/youwuyou/Workspaces/smb_ws/src/smb_highlevel_controller/src/SmbHighlevelController.cpp:1[m[K:
[01m[K/opt/ros/noetic/include/ros/node_handle.h:836:14:[m[K [01;36m[Knote: [m[Kcandidate: ‘[01m[Kros::Subscriber ros::NodeHandle::subscribe(ros::SubscribeOptions&)[m[K’
  836 |   Subscriber [01;36m[Ksubscribe[m[K(SubscribeOptions& ops);
      |              [01;36m[K^~~~~~~~~[m[K
[01m[K/opt/ros/noetic/include/ros/node_handle.h:836:14:[m[K [01;36m[Knote: [m[K  candidate expects 1 argument, 3 provided
[01m[K/home/youwuyou/Workspaces/smb_ws/src/smb_highlevel_controller/src/SmbHighlevelController.cpp:[m[K At global scope:
[01m[K/home/youwuyou/Workspaces/smb_ws/src/smb_highlevel_controller/src/SmbHighlevelController.cpp:38:6:[m[K [01;31m[Kerror: [m[Kno declaration matches ‘[01m[Kvoid smb_highlevel_controller::SmbHighlevelController::callback(const LaserScan&)[m[K’
   38 | void [01;31m[KSmbHighlevelController[m[K::callback(const sensor_msgs::LaserScan& msg){
      |      [01;31m[K^~~~~~~~~~~~~~~~~~~~~~[m[K
In file included from [01m[K/home/youwuyou/Workspaces/smb_ws/src/smb_highlevel_controller/src/SmbHighlevelController.cpp:1[m[K:
[01m[K/home/youwuyou/Workspaces/smb_ws/src/smb_highlevel_controller/include/smb_highlevel_controller/SmbHighlevelController.hpp:31:7:[m[K [01;36m[Knote: [m[Kcandidate is: ‘[01m[Kvoid smb_highlevel_controller::SmbHighlevelController::callback(const ConstPtr&)[m[K’
   31 |  void [01;36m[Kcallback[m[K(const sensor_msgs::LaserScan::ConstPtr&);
      |       [01;36m[K^~~~~~~~[m[K
[01m[K/home/youwuyou/Workspaces/smb_ws/src/smb_highlevel_controller/include/smb_highlevel_controller/SmbHighlevelController.hpp:13:7:[m[K [01;36m[Knote: [m[K‘[01m[Kclass smb_highlevel_controller::SmbHighlevelController[m[K’ defined here
   13 | class [01;36m[KSmbHighlevelController[m[K {
      |       [01;36m[K^~~~~~~~~~~~~~~~~~~~~~[m[K
make[2]: *** [CMakeFiles/smb_highlevel_controller.dir/build.make:76: CMakeFiles/smb_highlevel_controller.dir/src/SmbHighlevelController.cpp.o] Error 1
make[1]: *** [CMakeFiles/Makefile2:165: CMakeFiles/smb_highlevel_controller.dir/all] Error 2
make: *** [Makefile:141: all] Error 2
