In file included from [01m[K/opt/ros/noetic/include/ros/ros.h:40[m[K,
                 from [01m[K/home/youwuyou/Workspaces/smb_ws/src/smb_highlevel_controller/include/smb_highlevel_controller/SmbHighlevelController.hpp:3[m[K,
                 from [01m[K/home/youwuyou/Workspaces/smb_ws/src/smb_highlevel_controller/src/SmbHighlevelController.cpp:1[m[K:
[01m[K/home/youwuyou/Workspaces/smb_ws/src/smb_highlevel_controller/src/SmbHighlevelController.cpp:[m[K In member function ‘[01m[Kvoid smb_highlevel_controller::SmbHighlevelController::callback(const ConstPtr&)[m[K’:
[01m[K/home/youwuyou/Workspaces/smb_ws/src/smb_highlevel_controller/src/SmbHighlevelController.cpp:51:74:[m[K [01;31m[Kerror: [m[Kinvalid type argument of unary ‘[01m[K*[m[K’ (have ‘[01m[Kdouble[m[K’)
   51 |   ROS_INFO_STREAM("The smallest distance in the vector ranges is: [" << *[01;31m[Kmin[m[K << "]");
      |                                                                          [01;31m[K^~~[m[K
[01m[K/opt/ros/noetic/include/ros/console.h:361:64:[m[K [01;36m[Knote: [m[Kin definition of macro ‘[01m[KROSCONSOLE_PRINT_STREAM_AT_LOCATION_WITH_FILTER[m[K’
  361 |     __rosconsole_print_stream_at_location_with_filter__ss__ << [01;36m[Kargs[m[K; \
      |                                                                [01;36m[K^~~~[m[K
[01m[K/opt/ros/noetic/include/ros/console.h:409:7:[m[K [01;36m[Knote: [m[Kin expansion of macro ‘[01m[KROSCONSOLE_PRINT_STREAM_AT_LOCATION[m[K’
  409 |       [01;36m[KROSCONSOLE_PRINT_STREAM_AT_LOCATION[m[K(args); \
      |       [01;36m[K^~~~~~~~~~~~~~~~~~~~~~~~~~~~~~~~~~~[m[K
[01m[K/opt/ros/noetic/include/ros/console.h:582:43:[m[K [01;36m[Knote: [m[Kin expansion of macro ‘[01m[KROS_LOG_STREAM_COND[m[K’
  582 | #define ROS_LOG_STREAM(level, name, args) [01;36m[KROS_LOG_STREAM_COND[m[K(true, level, name, args)
      |                                           [01;36m[K^~~~~~~~~~~~~~~~~~~[m[K
[01m[K/opt/ros/noetic/include/rosconsole/macros_generated.h:111:31:[m[K [01;36m[Knote: [m[Kin expansion of macro ‘[01m[KROS_LOG_STREAM[m[K’
  111 | #define ROS_INFO_STREAM(args) [01;36m[KROS_LOG_STREAM[m[K(::ros::console::levels::Info, ROSCONSOLE_DEFAULT_NAME, args)
      |                               [01;36m[K^~~~~~~~~~~~~~[m[K
[01m[K/home/youwuyou/Workspaces/smb_ws/src/smb_highlevel_controller/src/SmbHighlevelController.cpp:51:3:[m[K [01;36m[Knote: [m[Kin expansion of macro ‘[01m[KROS_INFO_STREAM[m[K’
   51 |   [01;36m[KROS_INFO_STREAM[m[K("The smallest distance in the vector ranges is: [" << *min << "]");
      |   [01;36m[K^~~~~~~~~~~~~~~[m[K
make[2]: *** [CMakeFiles/smb_highlevel_controller.dir/build.make:76: CMakeFiles/smb_highlevel_controller.dir/src/SmbHighlevelController.cpp.o] Error 1
make[1]: *** [CMakeFiles/Makefile2:165: CMakeFiles/smb_highlevel_controller.dir/all] Error 2
make: *** [Makefile:141: all] Error 2
