[01m[K/home/youwuyou/Workspaces/smb_ws/src/smb_highlevel_controller/src/SmbHighlevelController.cpp:[m[K In constructor ‘[01m[Ksmb_highlevel_controller::SmbHighlevelController::SmbHighlevelController(ros::NodeHandle&)[m[K’:
[01m[K/home/youwuyou/Workspaces/smb_ws/src/smb_highlevel_controller/src/SmbHighlevelController.cpp:41:104:[m[K [01;31m[Kerror: [m[Klvalue required as unary ‘[01m[K&[m[K’ operand
   41 |         this->nodeHandle_.subscribe(this->topic, this->queue_size, &SmbHighlevelController::callback, &[01;31m[Kthis[m[K);
      |                                                                                                        [01;31m[K^~~~[m[K
[01m[K/home/youwuyou/Workspaces/smb_ws/src/smb_highlevel_controller/src/SmbHighlevelController.cpp:[m[K In member function ‘[01m[Kvoid smb_highlevel_controller::SmbHighlevelController::callback(const String&)[m[K’:
[01m[K/home/youwuyou/Workspaces/smb_ws/src/smb_highlevel_controller/src/SmbHighlevelController.cpp:56:5:[m[K [01;31m[Kerror: [m[K‘[01m[Kfloat32[m[K’ was not declared in this scope; did you mean ‘[01m[Kfloat_t[m[K’?
   56 |     [01;31m[Kfloat32[m[K* min = std::min_element(std::begin(msg.ranges), std::end(msg.ranges));
      |     [01;31m[K^~~~~~~[m[K
      |     [32m[Kfloat_t[m[K
[01m[K/home/youwuyou/Workspaces/smb_ws/src/smb_highlevel_controller/src/SmbHighlevelController.cpp:56:14:[m[K [01;31m[Kerror: [m[K‘[01m[Kmin[m[K’ was not declared in this scope; did you mean ‘[01m[Kstd::min[m[K’?
   56 |     float32* [01;31m[Kmin[m[K = std::min_element(std::begin(msg.ranges), std::end(msg.ranges));
      |              [01;31m[K^~~[m[K
      |              [32m[Kstd::min[m[K
In file included from [01m[K/usr/include/c++/9/algorithm:62[m[K,
                 from [01m[K/usr/include/boost/math/tools/config.hpp:18[m[K,
                 from [01m[K/usr/include/boost/math/special_functions/round.hpp:13[m[K,
                 from [01m[K/opt/ros/noetic/include/ros/time.h:58[m[K,
                 from [01m[K/opt/ros/noetic/include/ros/ros.h:38[m[K,
                 from [01m[K/home/youwuyou/Workspaces/smb_ws/src/smb_highlevel_controller/include/smb_highlevel_controller/SmbHighlevelController.hpp:3[m[K,
                 from [01m[K/home/youwuyou/Workspaces/smb_ws/src/smb_highlevel_controller/src/SmbHighlevelController.cpp:1[m[K:
[01m[K/usr/include/c++/9/bits/stl_algo.h:3450:5:[m[K [01;36m[Knote: [m[K‘[01m[Kstd::min[m[K’ declared here
 3450 |     [01;36m[Kmin[m[K(initializer_list<_Tp> __l, _Compare __comp)
      |     [01;36m[K^~~[m[K
[01m[K/home/youwuyou/Workspaces/smb_ws/src/smb_highlevel_controller/src/SmbHighlevelController.cpp:56:52:[m[K [01;31m[Kerror: [m[K‘[01m[Kconst String[m[K’ {aka ‘[01m[Kconst struct std_msgs::String_<std::allocator<void> >[m[K’} has no member named ‘[01m[Kranges[m[K’
   56 |     float32* min = std::min_element(std::begin(msg.[01;31m[Kranges[m[K), std::end(msg.ranges));
      |                                                    [01;31m[K^~~~~~[m[K
[01m[K/home/youwuyou/Workspaces/smb_ws/src/smb_highlevel_controller/src/SmbHighlevelController.cpp:56:74:[m[K [01;31m[Kerror: [m[K‘[01m[Kconst String[m[K’ {aka ‘[01m[Kconst struct std_msgs::String_<std::allocator<void> >[m[K’} has no member named ‘[01m[Kranges[m[K’
   56 |     float32* min = std::min_element(std::begin(msg.ranges), std::end(msg.[01;31m[Kranges[m[K));
      |                                                                          [01;31m[K^~~~~~[m[K
[01m[K/home/youwuyou/Workspaces/smb_ws/src/smb_highlevel_controller/src/SmbHighlevelController.cpp:62:2:[m[K [01;31m[Kerror: [m[Kexpected ‘[01m[K;[m[K’ before ‘[01m[K}[m[K’ token
   62 |  [01;31m[K}[m[K
      |  [01;31m[K^[m[K
make[2]: *** [CMakeFiles/smb_highlevel_controller.dir/build.make:76: CMakeFiles/smb_highlevel_controller.dir/src/SmbHighlevelController.cpp.o] Error 1
make[1]: *** [CMakeFiles/Makefile2:165: CMakeFiles/smb_highlevel_controller.dir/all] Error 2
make: *** [Makefile:141: all] Error 2
