In file included from [01m[K/home/youwuyou/Workspaces/smb_ws/src/smb_highlevel_controller/src/SmbHighlevelController.cpp:1[m[K:
[01m[K/home/youwuyou/Workspaces/smb_ws/src/smb_highlevel_controller/include/smb_highlevel_controller/SmbHighlevelController.hpp:61:13:[m[K [01;31m[Kerror: [m[K‘[01m[Kstd_srvs[m[K’ has not been declared
   61 |  void stop_([01;31m[Kstd_srvs[m[K::SetBool::Request &request,
      |             [01;31m[K^~~~~~~~[m[K
[01m[K/home/youwuyou/Workspaces/smb_ws/src/smb_highlevel_controller/include/smb_highlevel_controller/SmbHighlevelController.hpp:61:40:[m[K [01;31m[Kerror: [m[Kexpected ‘[01m[K,[m[K’ or ‘[01m[K...[m[K’ before ‘[01m[K&[m[K’ token
   61 |  void stop_(std_srvs::SetBool::Request [01;31m[K&[m[Krequest,
      |                                        [01;31m[K^[m[K
[01m[K/home/youwuyou/Workspaces/smb_ws/src/smb_highlevel_controller/src/SmbHighlevelController.cpp:[m[K In constructor ‘[01m[Ksmb_highlevel_controller::SmbHighlevelController::SmbHighlevelController(ros::NodeHandle&)[m[K’:
[01m[K/home/youwuyou/Workspaces/smb_ws/src/smb_highlevel_controller/src/SmbHighlevelController.cpp:40:85:[m[K [01;31m[Kerror: [m[Kno matching function for call to ‘[01m[Kros::NodeHandle::advertiseService(std::string&, void (smb_highlevel_controller::SmbHighlevelController::*)(int), smb_highlevel_controller::SmbHighlevelController*)[m[K’
   40 |   server = nodeHandle.advertiseService(service, &SmbHighlevelController::stop_, this[01;31m[K)[m[K;
      |                                                                                     [01;31m[K^[m[K
In file included from [01m[K/opt/ros/noetic/include/ros/ros.h:45[m[K,
                 from [01m[K/home/youwuyou/Workspaces/smb_ws/src/smb_highlevel_controller/include/smb_highlevel_controller/SmbHighlevelController.hpp:3[m[K,
                 from [01m[K/home/youwuyou/Workspaces/smb_ws/src/smb_highlevel_controller/src/SmbHighlevelController.cpp:1[m[K:
[01m[K/opt/ros/noetic/include/ros/node_handle.h:879:17:[m[K [01;36m[Knote: [m[Kcandidate: ‘[01m[Ktemplate<class T, class MReq, class MRes> ros::ServiceServer ros::NodeHandle::advertiseService(const string&, bool (T::*)(MReq&, MRes&), T*)[m[K’
  879 |   ServiceServer [01;36m[KadvertiseService[m[K(const std::string& service, bool(T::*srv_func)(MReq &, MRes &), T *obj)
      |                 [01;36m[K^~~~~~~~~~~~~~~~[m[K
[01m[K/opt/ros/noetic/include/ros/node_handle.h:879:17:[m[K [01;36m[Knote: [m[K  template argument deduction/substitution failed:
[01m[K/home/youwuyou/Workspaces/smb_ws/src/smb_highlevel_controller/src/SmbHighlevelController.cpp:40:85:[m[K [01;36m[Knote: [m[K  mismatched types ‘[01m[Kbool[m[K’ and ‘[01m[Kvoid[m[K’
   40 |   server = nodeHandle.advertiseService(service, &SmbHighlevelController::stop_, this[01;36m[K)[m[K;
      |                                                                                     [01;36m[K^[m[K
In file included from [01m[K/opt/ros/noetic/include/ros/ros.h:45[m[K,
                 from [01m[K/home/youwuyou/Workspaces/smb_ws/src/smb_highlevel_controller/include/smb_highlevel_controller/SmbHighlevelController.hpp:3[m[K,
                 from [01m[K/home/youwuyou/Workspaces/smb_ws/src/smb_highlevel_controller/src/SmbHighlevelController.cpp:1[m[K:
[01m[K/opt/ros/noetic/include/ros/node_handle.h:924:17:[m[K [01;36m[Knote: [m[Kcandidate: ‘[01m[Ktemplate<class T, class MReq, class MRes> ros::ServiceServer ros::NodeHandle::advertiseService(const string&, bool (T::*)(ros::ServiceEvent<MReq, MRes>&), T*)[m[K’
  924 |   ServiceServer [01;36m[KadvertiseService[m[K(const std::string& service, bool(T::*srv_func)(ServiceEvent<MReq, MRes>&), T *obj)
      |                 [01;36m[K^~~~~~~~~~~~~~~~[m[K
[01m[K/opt/ros/noetic/include/ros/node_handle.h:924:17:[m[K [01;36m[Knote: [m[K  template argument deduction/substitution failed:
[01m[K/home/youwuyou/Workspaces/smb_ws/src/smb_highlevel_controller/src/SmbHighlevelController.cpp:40:85:[m[K [01;36m[Knote: [m[K  mismatched types ‘[01m[Kbool[m[K’ and ‘[01m[Kvoid[m[K’
   40 |   server = nodeHandle.advertiseService(service, &SmbHighlevelController::stop_, this[01;36m[K)[m[K;
      |                                                                                     [01;36m[K^[m[K
In file included from [01m[K/opt/ros/noetic/include/ros/ros.h:45[m[K,
                 from [01m[K/home/youwuyou/Workspaces/smb_ws/src/smb_highlevel_controller/include/smb_highlevel_controller/SmbHighlevelController.hpp:3[m[K,
                 from [01m[K/home/youwuyou/Workspaces/smb_ws/src/smb_highlevel_controller/src/SmbHighlevelController.cpp:1[m[K:
[01m[K/opt/ros/noetic/include/ros/node_handle.h:970:17:[m[K [01;36m[Knote: [m[Kcandidate: ‘[01m[Ktemplate<class T, class MReq, class MRes> ros::ServiceServer ros::NodeHandle::advertiseService(const string&, bool (T::*)(MReq&, MRes&), const boost::shared_ptr<X>&)[m[K’
  970 |   ServiceServer [01;36m[KadvertiseService[m[K(const std::string& service, bool(T::*srv_func)(MReq &, MRes &), const boost::shared_ptr<T>& obj)
      |                 [01;36m[K^~~~~~~~~~~~~~~~[m[K
[01m[K/opt/ros/noetic/include/ros/node_handle.h:970:17:[m[K [01;36m[Knote: [m[K  template argument deduction/substitution failed:
[01m[K/home/youwuyou/Workspaces/smb_ws/src/smb_highlevel_controller/src/SmbHighlevelController.cpp:40:85:[m[K [01;36m[Knote: [m[K  mismatched types ‘[01m[Kbool[m[K’ and ‘[01m[Kvoid[m[K’
   40 |   server = nodeHandle.advertiseService(service, &SmbHighlevelController::stop_, this[01;36m[K)[m[K;
      |                                                                                     [01;36m[K^[m[K
In file included from [01m[K/opt/ros/noetic/include/ros/ros.h:45[m[K,
                 from [01m[K/home/youwuyou/Workspaces/smb_ws/src/smb_highlevel_controller/include/smb_highlevel_controller/SmbHighlevelController.hpp:3[m[K,
                 from [01m[K/home/youwuyou/Workspaces/smb_ws/src/smb_highlevel_controller/src/SmbHighlevelController.cpp:1[m[K:
[01m[K/opt/ros/noetic/include/ros/node_handle.h:1017:17:[m[K [01;36m[Knote: [m[Kcandidate: ‘[01m[Ktemplate<class T, class MReq, class MRes> ros::ServiceServer ros::NodeHandle::advertiseService(const string&, bool (T::*)(ros::ServiceEvent<MReq, MRes>&), const boost::shared_ptr<X>&)[m[K’
 1017 |   ServiceServer [01;36m[KadvertiseService[m[K(const std::string& service, bool(T::*srv_func)(ServiceEvent<MReq, MRes>&), const boost::shared_ptr<T>& obj)
      |                 [01;36m[K^~~~~~~~~~~~~~~~[m[K
[01m[K/opt/ros/noetic/include/ros/node_handle.h:1017:17:[m[K [01;36m[Knote: [m[K  template argument deduction/substitution failed:
[01m[K/home/youwuyou/Workspaces/smb_ws/src/smb_highlevel_controller/src/SmbHighlevelController.cpp:40:85:[m[K [01;36m[Knote: [m[K  mismatched types ‘[01m[Kbool[m[K’ and ‘[01m[Kvoid[m[K’
   40 |   server = nodeHandle.advertiseService(service, &SmbHighlevelController::stop_, this[01;36m[K)[m[K;
      |                                                                                     [01;36m[K^[m[K
In file included from [01m[K/opt/ros/noetic/include/ros/ros.h:45[m[K,
                 from [01m[K/home/youwuyou/Workspaces/smb_ws/src/smb_highlevel_controller/include/smb_highlevel_controller/SmbHighlevelController.hpp:3[m[K,
                 from [01m[K/home/youwuyou/Workspaces/smb_ws/src/smb_highlevel_controller/src/SmbHighlevelController.cpp:1[m[K:
[01m[K/opt/ros/noetic/include/ros/node_handle.h:1061:17:[m[K [01;36m[Knote: [m[Kcandidate: ‘[01m[Ktemplate<class MReq, class MRes> ros::ServiceServer ros::NodeHandle::advertiseService(const string&, bool (*)(MReq&, MRes&))[m[K’
 1061 |   ServiceServer [01;36m[KadvertiseService[m[K(const std::string& service, bool(*srv_func)(MReq&, MRes&))
      |                 [01;36m[K^~~~~~~~~~~~~~~~[m[K
[01m[K/opt/ros/noetic/include/ros/node_handle.h:1061:17:[m[K [01;36m[Knote: [m[K  template argument deduction/substitution failed:
[01m[K/home/youwuyou/Workspaces/smb_ws/src/smb_highlevel_controller/src/SmbHighlevelController.cpp:40:85:[m[K [01;36m[Knote: [m[K  mismatched types ‘[01m[Kbool (*)(MReq&, MRes&)[m[K’ and ‘[01m[Kvoid (smb_highlevel_controller::SmbHighlevelController::*)(int)[m[K’
   40 |   server = nodeHandle.advertiseService(service, &SmbHighlevelController::stop_, this[01;36m[K)[m[K;
      |                                                                                     [01;36m[K^[m[K
In file included from [01m[K/opt/ros/noetic/include/ros/ros.h:45[m[K,
                 from [01m[K/home/youwuyou/Workspaces/smb_ws/src/smb_highlevel_controller/include/smb_highlevel_controller/SmbHighlevelController.hpp:3[m[K,
                 from [01m[K/home/youwuyou/Workspaces/smb_ws/src/smb_highlevel_controller/src/SmbHighlevelController.cpp:1[m[K:
[01m[K/opt/ros/noetic/include/ros/node_handle.h:1104:17:[m[K [01;36m[Knote: [m[Kcandidate: ‘[01m[Ktemplate<class MReq, class MRes> ros::ServiceServer ros::NodeHandle::advertiseService(const string&, bool (*)(ros::ServiceEvent<MReq, MRes>&))[m[K’
 1104 |   ServiceServer [01;36m[KadvertiseService[m[K(const std::string& service, bool(*srv_func)(ServiceEvent<MReq, MRes>&))
      |                 [01;36m[K^~~~~~~~~~~~~~~~[m[K
[01m[K/opt/ros/noetic/include/ros/node_handle.h:1104:17:[m[K [01;36m[Knote: [m[K  template argument deduction/substitution failed:
[01m[K/home/youwuyou/Workspaces/smb_ws/src/smb_highlevel_controller/src/SmbHighlevelController.cpp:40:85:[m[K [01;36m[Knote: [m[K  mismatched types ‘[01m[Kbool (*)(ros::ServiceEvent<MReq, MRes>&)[m[K’ and ‘[01m[Kvoid (smb_highlevel_controller::SmbHighlevelController::*)(int)[m[K’
   40 |   server = nodeHandle.advertiseService(service, &SmbHighlevelController::stop_, this[01;36m[K)[m[K;
      |                                                                                     [01;36m[K^[m[K
In file included from [01m[K/opt/ros/noetic/include/ros/ros.h:45[m[K,
                 from [01m[K/home/youwuyou/Workspaces/smb_ws/src/smb_highlevel_controller/include/smb_highlevel_controller/SmbHighlevelController.hpp:3[m[K,
                 from [01m[K/home/youwuyou/Workspaces/smb_ws/src/smb_highlevel_controller/src/SmbHighlevelController.cpp:1[m[K:
[01m[K/opt/ros/noetic/include/ros/node_handle.h:1145:17:[m[K [01;36m[Knote: [m[Kcandidate: ‘[01m[Ktemplate<class MReq, class MRes> ros::ServiceServer ros::NodeHandle::advertiseService(const string&, const boost::function<bool(MReq&, MRes&)>&, const VoidConstPtr&)[m[K’
 1145 |   ServiceServer [01;36m[KadvertiseService[m[K(const std::string& service, const boost::function<bool(MReq&, MRes&)>& callback,
      |                 [01;36m[K^~~~~~~~~~~~~~~~[m[K
[01m[K/opt/ros/noetic/include/ros/node_handle.h:1145:17:[m[K [01;36m[Knote: [m[K  template argument deduction/substitution failed:
[01m[K/home/youwuyou/Workspaces/smb_ws/src/smb_highlevel_controller/src/SmbHighlevelController.cpp:40:85:[m[K [01;36m[Knote: [m[K  mismatched types ‘[01m[Kconst boost::function<bool(MReq&, MRes&)>[m[K’ and ‘[01m[Kvoid (smb_highlevel_controller::SmbHighlevelController::*)(int)[m[K’
   40 |   server = nodeHandle.advertiseService(service, &SmbHighlevelController::stop_, this[01;36m[K)[m[K;
      |                                                                                     [01;36m[K^[m[K
In file included from [01m[K/opt/ros/noetic/include/ros/ros.h:45[m[K,
                 from [01m[K/home/youwuyou/Workspaces/smb_ws/src/smb_highlevel_controller/include/smb_highlevel_controller/SmbHighlevelController.hpp:3[m[K,
                 from [01m[K/home/youwuyou/Workspaces/smb_ws/src/smb_highlevel_controller/src/SmbHighlevelController.cpp:1[m[K:
[01m[K/opt/ros/noetic/include/ros/node_handle.h:1190:17:[m[K [01;36m[Knote: [m[Kcandidate: ‘[01m[Ktemplate<class S> ros::ServiceServer ros::NodeHandle::advertiseService(const string&, const boost::function<bool(S&)>&, const VoidConstPtr&)[m[K’
 1190 |   ServiceServer [01;36m[KadvertiseService[m[K(const std::string& service, const boost::function<bool(S&)>& callback,
      |                 [01;36m[K^~~~~~~~~~~~~~~~[m[K
[01m[K/opt/ros/noetic/include/ros/node_handle.h:1190:17:[m[K [01;36m[Knote: [m[K  template argument deduction/substitution failed:
[01m[K/home/youwuyou/Workspaces/smb_ws/src/smb_highlevel_controller/src/SmbHighlevelController.cpp:40:85:[m[K [01;36m[Knote: [m[K  mismatched types ‘[01m[Kconst boost::function<bool(S&)>[m[K’ and ‘[01m[Kvoid (smb_highlevel_controller::SmbHighlevelController::*)(int)[m[K’
   40 |   server = nodeHandle.advertiseService(service, &SmbHighlevelController::stop_, this[01;36m[K)[m[K;
      |                                                                                     [01;36m[K^[m[K
In file included from [01m[K/opt/ros/noetic/include/ros/ros.h:45[m[K,
                 from [01m[K/home/youwuyou/Workspaces/smb_ws/src/smb_highlevel_controller/include/smb_highlevel_controller/SmbHighlevelController.hpp:3[m[K,
                 from [01m[K/home/youwuyou/Workspaces/smb_ws/src/smb_highlevel_controller/src/SmbHighlevelController.cpp:1[m[K:
[01m[K/opt/ros/noetic/include/ros/node_handle.h:1222:17:[m[K [01;36m[Knote: [m[Kcandidate: ‘[01m[Kros::ServiceServer ros::NodeHandle::advertiseService(ros::AdvertiseServiceOptions&)[m[K’
 1222 |   ServiceServer [01;36m[KadvertiseService[m[K(AdvertiseServiceOptions& ops);
      |                 [01;36m[K^~~~~~~~~~~~~~~~[m[K
[01m[K/opt/ros/noetic/include/ros/node_handle.h:1222:17:[m[K [01;36m[Knote: [m[K  candidate expects 1 argument, 3 provided
In file included from [01m[K/home/youwuyou/Workspaces/smb_ws/src/smb_highlevel_controller/src/smb_highlevel_controller_node.cpp:2[m[K:
[01m[K/home/youwuyou/Workspaces/smb_ws/src/smb_highlevel_controller/include/smb_highlevel_controller/SmbHighlevelController.hpp:61:13:[m[K [01;31m[Kerror: [m[K‘[01m[Kstd_srvs[m[K’ has not been declared
   61 |  void stop_([01;31m[Kstd_srvs[m[K::SetBool::Request &request,
      |             [01;31m[K^~~~~~~~[m[K
[01m[K/home/youwuyou/Workspaces/smb_ws/src/smb_highlevel_controller/include/smb_highlevel_controller/SmbHighlevelController.hpp:61:40:[m[K [01;31m[Kerror: [m[Kexpected ‘[01m[K,[m[K’ or ‘[01m[K...[m[K’ before ‘[01m[K&[m[K’ token
   61 |  void stop_(std_srvs::SetBool::Request [01;31m[K&[m[Krequest,
      |                                        [01;31m[K^[m[K
[01m[K/home/youwuyou/Workspaces/smb_ws/src/smb_highlevel_controller/src/SmbHighlevelController.cpp:[m[K At global scope:
[01m[K/home/youwuyou/Workspaces/smb_ws/src/smb_highlevel_controller/src/SmbHighlevelController.cpp:130:12:[m[K [01;31m[Kerror: [m[K‘[01m[Kstd_srvs[m[K’ has not been declared
  130 | bool stop_([01;31m[Kstd_srvs[m[K::SetBool::Request &request,
      |            [01;31m[K^~~~~~~~[m[K
[01m[K/home/youwuyou/Workspaces/smb_ws/src/smb_highlevel_controller/src/SmbHighlevelController.cpp:130:40:[m[K [01;31m[Kerror: [m[K‘[01m[Krequest[m[K’ was not declared in this scope
  130 | bool stop_(std_srvs::SetBool::Request &[01;31m[Krequest[m[K,
      |                                        [01;31m[K^~~~~~~[m[K
[01m[K/home/youwuyou/Workspaces/smb_ws/src/smb_highlevel_controller/src/SmbHighlevelController.cpp:131:13:[m[K [01;31m[Kerror: [m[K‘[01m[Kstd_srvs[m[K’ has not been declared
  131 |             [01;31m[Kstd_srvs[m[K::SetBool::Response &response){
      |             [01;31m[K^~~~~~~~[m[K
[01m[K/home/youwuyou/Workspaces/smb_ws/src/smb_highlevel_controller/src/SmbHighlevelController.cpp:131:42:[m[K [01;31m[Kerror: [m[K‘[01m[Kresponse[m[K’ was not declared in this scope
  131 |             std_srvs::SetBool::Response &[01;31m[Kresponse[m[K){
      |                                          [01;31m[K^~~~~~~~[m[K
[01m[K/home/youwuyou/Workspaces/smb_ws/src/smb_highlevel_controller/src/SmbHighlevelController.cpp:131:50:[m[K [01;31m[Kerror: [m[Kexpression list treated as compound expression in initializer [[01;31m[K-fpermissive[m[K]
  131 |             std_srvs::SetBool::Response &response[01;31m[K)[m[K{
      |                                                  [01;31m[K^[m[K
make[2]: *** [CMakeFiles/smb_highlevel_controller.dir/build.make:63: CMakeFiles/smb_highlevel_controller.dir/src/smb_highlevel_controller_node.cpp.o] Error 1
make[2]: *** Waiting for unfinished jobs....
make[2]: *** [CMakeFiles/smb_highlevel_controller.dir/build.make:76: CMakeFiles/smb_highlevel_controller.dir/src/SmbHighlevelController.cpp.o] Error 1
make[1]: *** [CMakeFiles/Makefile2:165: CMakeFiles/smb_highlevel_controller.dir/all] Error 2
make: *** [Makefile:141: all] Error 2
