[01m[K/home/youwuyou/Workspaces/smb_ws/src/smb_highlevel_controller/src/SmbHighlevelController.cpp:[m[K In constructor ‘[01m[Ksmb_highlevel_controller::SmbHighlevelController::SmbHighlevelController(ros::NodeHandle&)[m[K’:
[01m[K/home/youwuyou/Workspaces/smb_ws/src/smb_highlevel_controller/src/SmbHighlevelController.cpp:11:44:[m[K [01;31m[Kerror: [m[Kinvalid conversion from ‘[01m[Kstd::string*[m[K’ {aka ‘[01m[Kstd::__cxx11::basic_string<char>*[m[K’} to ‘[01m[Kint[m[K’ [[01;31m[K-fpermissive[m[K]
   11 |   success &= nodeHandle_.getParam("topic", [01;31m[K&this->topic[m[K);
      |                                            [01;31m[K^~~~~~~~~~~~[m[K
      |                                            [01;31m[K|[m[K
      |                                            [01;31m[Kstd::string* {aka std::__cxx11::basic_string<char>*}[m[K
In file included from [01m[K/opt/ros/noetic/include/ros/ros.h:45[m[K,
                 from [01m[K/home/youwuyou/Workspaces/smb_ws/src/smb_highlevel_controller/include/smb_highlevel_controller/SmbHighlevelController.hpp:3[m[K,
                 from [01m[K/home/youwuyou/Workspaces/smb_ws/src/smb_highlevel_controller/src/SmbHighlevelController.cpp:1[m[K:
[01m[K/opt/ros/noetic/include/ros/node_handle.h:1705:46:[m[K [01;36m[Knote: [m[K  initializing argument 2 of ‘[01m[Kbool ros::NodeHandle::getParam(const string&, int&) const[m[K’
 1705 |   bool getParam(const std::string& key, [01;36m[Kint& i[m[K) const;
      |                                         [01;36m[K~~~~~^[m[K
[01m[K/home/youwuyou/Workspaces/smb_ws/src/smb_highlevel_controller/src/SmbHighlevelController.cpp:11:44:[m[K [01;31m[Kerror: [m[Kcannot bind rvalue ‘[01m[K(int)(&((smb_highlevel_controller::SmbHighlevelController*)this)->smb_highlevel_controller::SmbHighlevelController::topic)[m[K’ to ‘[01m[Kint&[m[K’
   11 |   success &= nodeHandle_.getParam("topic", [01;31m[K&this->topic[m[K);
      |                                            [01;31m[K^~~~~~~~~~~~[m[K
[01m[K/home/youwuyou/Workspaces/smb_ws/src/smb_highlevel_controller/src/SmbHighlevelController.cpp:12:49:[m[K [01;31m[Kerror: [m[Kinvalid conversion from ‘[01m[Kuint32_t*[m[K’ {aka ‘[01m[Kunsigned int*[m[K’} to ‘[01m[Kint[m[K’ [[01;31m[K-fpermissive[m[K]
   12 |   success &= nodeHandle_.getParam("queue_size", [01;31m[K&this->queue_size[m[K);
      |                                                 [01;31m[K^~~~~~~~~~~~~~~~~[m[K
      |                                                 [01;31m[K|[m[K
      |                                                 [01;31m[Kuint32_t* {aka unsigned int*}[m[K
In file included from [01m[K/opt/ros/noetic/include/ros/ros.h:45[m[K,
                 from [01m[K/home/youwuyou/Workspaces/smb_ws/src/smb_highlevel_controller/include/smb_highlevel_controller/SmbHighlevelController.hpp:3[m[K,
                 from [01m[K/home/youwuyou/Workspaces/smb_ws/src/smb_highlevel_controller/src/SmbHighlevelController.cpp:1[m[K:
[01m[K/opt/ros/noetic/include/ros/node_handle.h:1705:46:[m[K [01;36m[Knote: [m[K  initializing argument 2 of ‘[01m[Kbool ros::NodeHandle::getParam(const string&, int&) const[m[K’
 1705 |   bool getParam(const std::string& key, [01;36m[Kint& i[m[K) const;
      |                                         [01;36m[K~~~~~^[m[K
[01m[K/home/youwuyou/Workspaces/smb_ws/src/smb_highlevel_controller/src/SmbHighlevelController.cpp:12:49:[m[K [01;31m[Kerror: [m[Kcannot bind rvalue ‘[01m[K(int)(&((smb_highlevel_controller::SmbHighlevelController*)this)->smb_highlevel_controller::SmbHighlevelController::queue_size)[m[K’ to ‘[01m[Kint&[m[K’
   12 |   success &= nodeHandle_.getParam("queue_size", [01;31m[K&this->queue_size[m[K);
      |                                                 [01;31m[K^~~~~~~~~~~~~~~~~[m[K
[01m[K/home/youwuyou/Workspaces/smb_ws/src/smb_highlevel_controller/src/SmbHighlevelController.cpp:[m[K At global scope:
[01m[K/home/youwuyou/Workspaces/smb_ws/src/smb_highlevel_controller/src/SmbHighlevelController.cpp:37:6:[m[K [01;31m[Kerror: [m[Kno declaration matches ‘[01m[Kvoid smb_highlevel_controller::SmbHighlevelController::callback(const LaserScan&)[m[K’
   37 | void [01;31m[KSmbHighlevelController[m[K::callback(const sensor_msgs::LaserScan& msg){
      |      [01;31m[K^~~~~~~~~~~~~~~~~~~~~~[m[K
In file included from [01m[K/home/youwuyou/Workspaces/smb_ws/src/smb_highlevel_controller/src/SmbHighlevelController.cpp:1[m[K:
[01m[K/home/youwuyou/Workspaces/smb_ws/src/smb_highlevel_controller/include/smb_highlevel_controller/SmbHighlevelController.hpp:31:7:[m[K [01;36m[Knote: [m[Kcandidate is: ‘[01m[Kvoid smb_highlevel_controller::SmbHighlevelController::callback(const ConstPtr&)[m[K’
   31 |  void [01;36m[Kcallback[m[K(const sensor_msgs::LaserScan::ConstPtr&);
      |       [01;36m[K^~~~~~~~[m[K
[01m[K/home/youwuyou/Workspaces/smb_ws/src/smb_highlevel_controller/include/smb_highlevel_controller/SmbHighlevelController.hpp:13:7:[m[K [01;36m[Knote: [m[K‘[01m[Kclass smb_highlevel_controller::SmbHighlevelController[m[K’ defined here
   13 | class [01;36m[KSmbHighlevelController[m[K {
      |       [01;36m[K^~~~~~~~~~~~~~~~~~~~~~[m[K
make[2]: *** [CMakeFiles/smb_highlevel_controller.dir/build.make:76: CMakeFiles/smb_highlevel_controller.dir/src/SmbHighlevelController.cpp.o] Error 1
make[1]: *** [CMakeFiles/Makefile2:165: CMakeFiles/smb_highlevel_controller.dir/all] Error 2
make: *** [Makefile:141: all] Error 2
