[01m[K/home/youwuyou/Workspaces/smb_ws/src/smb_highlevel_controller/src/SmbHighlevelController.cpp:[m[K In constructor ‘[01m[Ksmb_highlevel_controller::SmbHighlevelController::SmbHighlevelController(ros::NodeHandle&)[m[K’:
[01m[K/home/youwuyou/Workspaces/smb_ws/src/smb_highlevel_controller/src/SmbHighlevelController.cpp:11:52:[m[K [01;31m[Kerror: [m[Kinvalid conversion from ‘[01m[Kstd::string*[m[K’ {aka ‘[01m[Kstd::__cxx11::basic_string<char>*[m[K’} to ‘[01m[Kint[m[K’ [[01;31m[K-fpermissive[m[K]
   11 |     if (!nodeHandle.getParam("package/scan/topic", [01;31m[K&this->topic[m[K))
      |                                                    [01;31m[K^~~~~~~~~~~~[m[K
      |                                                    [01;31m[K|[m[K
      |                                                    [01;31m[Kstd::string* {aka std::__cxx11::basic_string<char>*}[m[K
In file included from [01m[K/opt/ros/noetic/include/ros/ros.h:45[m[K,
                 from [01m[K/home/youwuyou/Workspaces/smb_ws/src/smb_highlevel_controller/include/smb_highlevel_controller/SmbHighlevelController.hpp:3[m[K,
                 from [01m[K/home/youwuyou/Workspaces/smb_ws/src/smb_highlevel_controller/src/SmbHighlevelController.cpp:1[m[K:
[01m[K/opt/ros/noetic/include/ros/node_handle.h:1705:46:[m[K [01;36m[Knote: [m[K  initializing argument 2 of ‘[01m[Kbool ros::NodeHandle::getParam(const string&, int&) const[m[K’
 1705 |   bool getParam(const std::string& key, [01;36m[Kint& i[m[K) const;
      |                                         [01;36m[K~~~~~^[m[K
[01m[K/home/youwuyou/Workspaces/smb_ws/src/smb_highlevel_controller/src/SmbHighlevelController.cpp:11:52:[m[K [01;31m[Kerror: [m[Kcannot bind rvalue ‘[01m[K(int)(&((smb_highlevel_controller::SmbHighlevelController*)this)->smb_highlevel_controller::SmbHighlevelController::topic)[m[K’ to ‘[01m[Kint&[m[K’
   11 |     if (!nodeHandle.getParam("package/scan/topic", [01;31m[K&this->topic[m[K))
      |                                                    [01;31m[K^~~~~~~~~~~~[m[K
[01m[K/home/youwuyou/Workspaces/smb_ws/src/smb_highlevel_controller/src/SmbHighlevelController.cpp:24:64:[m[K [01;31m[Kerror: [m[Kinvalid conversion from ‘[01m[Kuint32_t*[m[K’ {aka ‘[01m[Kunsigned int*[m[K’} to ‘[01m[Kint[m[K’ [[01;31m[K-fpermissive[m[K]
   24 |     if (!this->nodeHandle_.getParam("package/scan/queue_size", [01;31m[K&this->queue_size[m[K))
      |                                                                [01;31m[K^~~~~~~~~~~~~~~~~[m[K
      |                                                                [01;31m[K|[m[K
      |                                                                [01;31m[Kuint32_t* {aka unsigned int*}[m[K
In file included from [01m[K/opt/ros/noetic/include/ros/ros.h:45[m[K,
                 from [01m[K/home/youwuyou/Workspaces/smb_ws/src/smb_highlevel_controller/include/smb_highlevel_controller/SmbHighlevelController.hpp:3[m[K,
                 from [01m[K/home/youwuyou/Workspaces/smb_ws/src/smb_highlevel_controller/src/SmbHighlevelController.cpp:1[m[K:
[01m[K/opt/ros/noetic/include/ros/node_handle.h:1705:46:[m[K [01;36m[Knote: [m[K  initializing argument 2 of ‘[01m[Kbool ros::NodeHandle::getParam(const string&, int&) const[m[K’
 1705 |   bool getParam(const std::string& key, [01;36m[Kint& i[m[K) const;
      |                                         [01;36m[K~~~~~^[m[K
[01m[K/home/youwuyou/Workspaces/smb_ws/src/smb_highlevel_controller/src/SmbHighlevelController.cpp:24:64:[m[K [01;31m[Kerror: [m[Kcannot bind rvalue ‘[01m[K(int)(&((smb_highlevel_controller::SmbHighlevelController*)this)->smb_highlevel_controller::SmbHighlevelController::queue_size)[m[K’ to ‘[01m[Kint&[m[K’
   24 |     if (!this->nodeHandle_.getParam("package/scan/queue_size", [01;31m[K&this->queue_size[m[K))
      |                                                                [01;31m[K^~~~~~~~~~~~~~~~~[m[K
[01m[K/home/youwuyou/Workspaces/smb_ws/src/smb_highlevel_controller/src/SmbHighlevelController.cpp:[m[K In member function ‘[01m[Kvoid smb_highlevel_controller::SmbHighlevelController::callback(const String&)[m[K’:
[01m[K/home/youwuyou/Workspaces/smb_ws/src/smb_highlevel_controller/src/SmbHighlevelController.cpp:52:5:[m[K [01;31m[Kerror: [m[K‘[01m[Kfloat32[m[K’ was not declared in this scope; did you mean ‘[01m[Kfloat_t[m[K’?
   52 |     [01;31m[Kfloat32[m[K* min = std::min_element(std::begin(msg.ranges), std::end(msg.ranges));
      |     [01;31m[K^~~~~~~[m[K
      |     [32m[Kfloat_t[m[K
[01m[K/home/youwuyou/Workspaces/smb_ws/src/smb_highlevel_controller/src/SmbHighlevelController.cpp:52:14:[m[K [01;31m[Kerror: [m[K‘[01m[Kmin[m[K’ was not declared in this scope; did you mean ‘[01m[Kstd::min[m[K’?
   52 |     float32* [01;31m[Kmin[m[K = std::min_element(std::begin(msg.ranges), std::end(msg.ranges));
      |              [01;31m[K^~~[m[K
      |              [32m[Kstd::min[m[K
In file included from [01m[K/usr/include/c++/9/algorithm:62[m[K,
                 from [01m[K/usr/include/boost/math/tools/config.hpp:18[m[K,
                 from [01m[K/usr/include/boost/math/special_functions/round.hpp:13[m[K,
                 from [01m[K/opt/ros/noetic/include/ros/time.h:58[m[K,
                 from [01m[K/opt/ros/noetic/include/ros/ros.h:38[m[K,
                 from [01m[K/home/youwuyou/Workspaces/smb_ws/src/smb_highlevel_controller/include/smb_highlevel_controller/SmbHighlevelController.hpp:3[m[K,
                 from [01m[K/home/youwuyou/Workspaces/smb_ws/src/smb_highlevel_controller/src/SmbHighlevelController.cpp:1[m[K:
[01m[K/usr/include/c++/9/bits/stl_algo.h:3450:5:[m[K [01;36m[Knote: [m[K‘[01m[Kstd::min[m[K’ declared here
 3450 |     [01;36m[Kmin[m[K(initializer_list<_Tp> __l, _Compare __comp)
      |     [01;36m[K^~~[m[K
[01m[K/home/youwuyou/Workspaces/smb_ws/src/smb_highlevel_controller/src/SmbHighlevelController.cpp:52:52:[m[K [01;31m[Kerror: [m[K‘[01m[Kconst String[m[K’ {aka ‘[01m[Kconst struct std_msgs::String_<std::allocator<void> >[m[K’} has no member named ‘[01m[Kranges[m[K’
   52 |     float32* min = std::min_element(std::begin(msg.[01;31m[Kranges[m[K), std::end(msg.ranges));
      |                                                    [01;31m[K^~~~~~[m[K
[01m[K/home/youwuyou/Workspaces/smb_ws/src/smb_highlevel_controller/src/SmbHighlevelController.cpp:52:74:[m[K [01;31m[Kerror: [m[K‘[01m[Kconst String[m[K’ {aka ‘[01m[Kconst struct std_msgs::String_<std::allocator<void> >[m[K’} has no member named ‘[01m[Kranges[m[K’
   52 |     float32* min = std::min_element(std::begin(msg.ranges), std::end(msg.[01;31m[Kranges[m[K));
      |                                                                          [01;31m[K^~~~~~[m[K
[01m[K/home/youwuyou/Workspaces/smb_ws/src/smb_highlevel_controller/src/SmbHighlevelController.cpp:58:2:[m[K [01;31m[Kerror: [m[Kexpected ‘[01m[K;[m[K’ before ‘[01m[K}[m[K’ token
   58 |  [01;31m[K}[m[K
      |  [01;31m[K^[m[K
make[2]: *** [CMakeFiles/smb_highlevel_controller.dir/build.make:76: CMakeFiles/smb_highlevel_controller.dir/src/SmbHighlevelController.cpp.o] Error 1
make[1]: *** [CMakeFiles/Makefile2:165: CMakeFiles/smb_highlevel_controller.dir/all] Error 2
make: *** [Makefile:141: all] Error 2
