[35m[1mScanning dependencies of target husky_highlevel_controller_server[0m
[ 28%] Built target husky_highlevel_controller_client
[ 42%] [32mBuilding CXX object CMakeFiles/husky_highlevel_controller_server.dir/src/emergency_stop_server.cpp.o[0m
[ 85%] Built target husky_highlevel_controller
In file included from [01m[K/opt/ros/noetic/include/ros/serialization.h:37[m[K,
                 from [01m[K/opt/ros/noetic/include/ros/publisher.h:34[m[K,
                 from [01m[K/opt/ros/noetic/include/ros/node_handle.h:32[m[K,
                 from [01m[K/opt/ros/noetic/include/ros/ros.h:45[m[K,
                 from [01m[K/home/youwuyou/Workspaces/smb_ws/src/ros_practise/src/emergency_stop_server.cpp:1[m[K:
/opt/ros/noetic/include/ros/message_traits.h: In instantiation of ‘[01m[Kstatic const char* ros::message_traits::MD5Sum<M>::value(const M&) [with M = bool][m[K’:
[01m[K/opt/ros/noetic/include/ros/message_traits.h:254:102:[m[K   required from ‘[01m[Kconst char* ros::message_traits::md5sum(const M&) [with M = bool][m[K’
[01m[K/opt/ros/noetic/include/ros/publisher.h:117:38:[m[K   required from ‘[01m[Kvoid ros::Publisher::publish(const M&) const [with M = bool][m[K’
[01m[K/home/youwuyou/Workspaces/smb_ws/src/ros_practise/src/emergency_stop_server.cpp:9:32:[m[K   required from here
[01m[K/opt/ros/noetic/include/ros/message_traits.h:125:14:[m[K [01;31m[Kerror: [m[Krequest for member ‘[01m[K__getMD5Sum[m[K’ in ‘[01m[Km[m[K’, which is of non-class type ‘[01m[Kconst bool[m[K’
  125 |     return [01;31m[Km.__getMD5Sum[m[K().c_str();
      |            [01;31m[K~~^~~~~~~~~~~[m[K
/opt/ros/noetic/include/ros/message_traits.h: In instantiation of ‘[01m[Kstatic const char* ros::message_traits::DataType<M>::value(const M&) [with M = bool][m[K’:
[01m[K/opt/ros/noetic/include/ros/message_traits.h:263:104:[m[K   required from ‘[01m[Kconst char* ros::message_traits::datatype(const M&) [with M = bool][m[K’
[01m[K/opt/ros/noetic/include/ros/publisher.h:119:11:[m[K   required from ‘[01m[Kvoid ros::Publisher::publish(const M&) const [with M = bool][m[K’
[01m[K/home/youwuyou/Workspaces/smb_ws/src/ros_practise/src/emergency_stop_server.cpp:9:32:[m[K   required from here
[01m[K/opt/ros/noetic/include/ros/message_traits.h:142:14:[m[K [01;31m[Kerror: [m[Krequest for member ‘[01m[K__getDataType[m[K’ in ‘[01m[Km[m[K’, which is of non-class type ‘[01m[Kconst bool[m[K’
  142 |     return [01;31m[Km.__getDataType[m[K().c_str();
      |            [01;31m[K~~^~~~~~~~~~~~~[m[K
make[2]: *** [CMakeFiles/husky_highlevel_controller_server.dir/build.make:63: CMakeFiles/husky_highlevel_controller_server.dir/src/emergency_stop_server.cpp.o] Error 1
make[1]: *** [CMakeFiles/Makefile2:174: CMakeFiles/husky_highlevel_controller_server.dir/all] Error 2
make: *** [Makefile:141: all] Error 2
