Performing C SOURCE FILE Test CMAKE_HAVE_LIBC_PTHREAD failed with the following output:
Change Dir: /home/youwuyou/Workspaces/smb_ws/build/smb_control/CMakeFiles/CMakeTmp

Run Build Command(s):/usr/bin/make cmTC_ca5b3/fast && /usr/bin/make -f CMakeFiles/cmTC_ca5b3.dir/build.make CMakeFiles/cmTC_ca5b3.dir/build
make[1]: Entering directory '/home/youwuyou/Workspaces/smb_ws/build/smb_control/CMakeFiles/CMakeTmp'
Building C object CMakeFiles/cmTC_ca5b3.dir/src.c.o
/usr/bin/cc   -DCMAKE_HAVE_LIBC_PTHREAD   -o CMakeFiles/cmTC_ca5b3.dir/src.c.o   -c /home/youwuyou/Workspaces/smb_ws/build/smb_control/CMakeFiles/CMakeTmp/src.c
Linking C executable cmTC_ca5b3
/usr/bin/cmake -E cmake_link_script CMakeFiles/cmTC_ca5b3.dir/link.txt --verbose=1
/usr/bin/cc  -DCMAKE_HAVE_LIBC_PTHREAD    -rdynamic CMakeFiles/cmTC_ca5b3.dir/src.c.o  -o cmTC_ca5b3 
/usr/bin/ld: CMakeFiles/cmTC_ca5b3.dir/src.c.o: in function `main':
src.c:(.text+0x46): undefined reference to `pthread_create'
/usr/bin/ld: src.c:(.text+0x52): undefined reference to `pthread_detach'
/usr/bin/ld: src.c:(.text+0x63): undefined reference to `pthread_join'
collect2: error: ld returned 1 exit status
make[1]: *** [CMakeFiles/cmTC_ca5b3.dir/build.make:87: cmTC_ca5b3] Error 1
make[1]: Leaving directory '/home/youwuyou/Workspaces/smb_ws/build/smb_control/CMakeFiles/CMakeTmp'
make: *** [Makefile:121: cmTC_ca5b3/fast] Error 2


Source file was:
#include <pthread.h>

void* test_func(void* data)
{
  return data;
}

int main(void)
{
  pthread_t thread;
  pthread_create(&thread, NULL, test_func, NULL);
  pthread_detach(thread);
  pthread_join(thread, NULL);
  pthread_atfork(NULL, NULL, NULL);
  pthread_exit(NULL);

  return 0;
}

Determining if the function pthread_create exists in the pthreads failed with the following output:
Change Dir: /home/youwuyou/Workspaces/smb_ws/build/smb_control/CMakeFiles/CMakeTmp

Run Build Command(s):/usr/bin/make cmTC_8f212/fast && /usr/bin/make -f CMakeFiles/cmTC_8f212.dir/build.make CMakeFiles/cmTC_8f212.dir/build
make[1]: Entering directory '/home/youwuyou/Workspaces/smb_ws/build/smb_control/CMakeFiles/CMakeTmp'
Building C object CMakeFiles/cmTC_8f212.dir/CheckFunctionExists.c.o
/usr/bin/cc   -DCHECK_FUNCTION_EXISTS=pthread_create   -o CMakeFiles/cmTC_8f212.dir/CheckFunctionExists.c.o   -c /usr/share/cmake-3.16/Modules/CheckFunctionExists.c
Linking C executable cmTC_8f212
/usr/bin/cmake -E cmake_link_script CMakeFiles/cmTC_8f212.dir/link.txt --verbose=1
/usr/bin/cc  -DCHECK_FUNCTION_EXISTS=pthread_create    -rdynamic CMakeFiles/cmTC_8f212.dir/CheckFunctionExists.c.o  -o cmTC_8f212  -lpthreads 
/usr/bin/ld: cannot find -lpthreads
collect2: error: ld returned 1 exit status
make[1]: *** [CMakeFiles/cmTC_8f212.dir/build.make:87: cmTC_8f212] Error 1
make[1]: Leaving directory '/home/youwuyou/Workspaces/smb_ws/build/smb_control/CMakeFiles/CMakeTmp'
make: *** [Makefile:121: cmTC_8f212/fast] Error 2



Performing C SOURCE FILE Test CMAKE_HAVE_LIBC_PTHREAD failed with the following output:
Change Dir: /home/youwuyou/Workspaces/smb_ws/build/smb_control/CMakeFiles/CMakeTmp

Run Build Command(s):/usr/bin/make cmTC_57b60/fast && /usr/bin/make -f CMakeFiles/cmTC_57b60.dir/build.make CMakeFiles/cmTC_57b60.dir/build
make[1]: Entering directory '/home/youwuyou/Workspaces/smb_ws/build/smb_control/CMakeFiles/CMakeTmp'
Building C object CMakeFiles/cmTC_57b60.dir/src.c.o
/usr/bin/cc   -DCMAKE_HAVE_LIBC_PTHREAD   -o CMakeFiles/cmTC_57b60.dir/src.c.o   -c /home/youwuyou/Workspaces/smb_ws/build/smb_control/CMakeFiles/CMakeTmp/src.c
Linking C executable cmTC_57b60
/usr/bin/cmake -E cmake_link_script CMakeFiles/cmTC_57b60.dir/link.txt --verbose=1
/usr/bin/cc  -DCMAKE_HAVE_LIBC_PTHREAD    -rdynamic CMakeFiles/cmTC_57b60.dir/src.c.o  -o cmTC_57b60 
/usr/bin/ld: CMakeFiles/cmTC_57b60.dir/src.c.o: in function `main':
src.c:(.text+0x46): undefined reference to `pthread_create'
/usr/bin/ld: src.c:(.text+0x52): undefined reference to `pthread_detach'
/usr/bin/ld: src.c:(.text+0x63): undefined reference to `pthread_join'
collect2: error: ld returned 1 exit status
make[1]: *** [CMakeFiles/cmTC_57b60.dir/build.make:87: cmTC_57b60] Error 1
make[1]: Leaving directory '/home/youwuyou/Workspaces/smb_ws/build/smb_control/CMakeFiles/CMakeTmp'
make: *** [Makefile:121: cmTC_57b60/fast] Error 2


Source file was:
#include <pthread.h>

void* test_func(void* data)
{
  return data;
}

int main(void)
{
  pthread_t thread;
  pthread_create(&thread, NULL, test_func, NULL);
  pthread_detach(thread);
  pthread_join(thread, NULL);
  pthread_atfork(NULL, NULL, NULL);
  pthread_exit(NULL);

  return 0;
}

Determining if the function pthread_create exists in the pthreads failed with the following output:
Change Dir: /home/youwuyou/Workspaces/smb_ws/build/smb_control/CMakeFiles/CMakeTmp

Run Build Command(s):/usr/bin/make cmTC_98dd1/fast && /usr/bin/make -f CMakeFiles/cmTC_98dd1.dir/build.make CMakeFiles/cmTC_98dd1.dir/build
make[1]: Entering directory '/home/youwuyou/Workspaces/smb_ws/build/smb_control/CMakeFiles/CMakeTmp'
Building C object CMakeFiles/cmTC_98dd1.dir/CheckFunctionExists.c.o
/usr/bin/cc   -DCHECK_FUNCTION_EXISTS=pthread_create   -o CMakeFiles/cmTC_98dd1.dir/CheckFunctionExists.c.o   -c /usr/share/cmake-3.16/Modules/CheckFunctionExists.c
Linking C executable cmTC_98dd1
/usr/bin/cmake -E cmake_link_script CMakeFiles/cmTC_98dd1.dir/link.txt --verbose=1
/usr/bin/cc  -DCHECK_FUNCTION_EXISTS=pthread_create    -rdynamic CMakeFiles/cmTC_98dd1.dir/CheckFunctionExists.c.o  -o cmTC_98dd1  -lpthreads 
/usr/bin/ld: cannot find -lpthreads
collect2: error: ld returned 1 exit status
make[1]: *** [CMakeFiles/cmTC_98dd1.dir/build.make:87: cmTC_98dd1] Error 1
make[1]: Leaving directory '/home/youwuyou/Workspaces/smb_ws/build/smb_control/CMakeFiles/CMakeTmp'
make: *** [Makefile:121: cmTC_98dd1/fast] Error 2



